<?xml version="1.0" encoding="UTF-8"?>
<testsuites>
  <testsuite name="/home/runner/work/ote/ote/phpunit.xml" tests="96" assertions="305" errors="0" failures="0" skipped="0" time="3.379128">
    <testsuite name="Unit" tests="16" assertions="16" errors="0" failures="0" skipped="0" time="0.596994">
      <testsuite name="Tests\Unit\AttributeTest" file="tests/Unit/AttributeTest.php" tests="2" assertions="2" errors="0" failures="0" skipped="0" time="0.227645">
        <testcase name="an attribute can be created" file="tests/Unit/AttributeTest.php::an attribute can be created" class="Tests\Unit\AttributeTest" classname="Tests.Unit.AttributeTest" assertions="1" time="0.199932"/>
        <testcase name="an attribute belongs to a lexical entry" file="tests/Unit/AttributeTest.php::an attribute belongs to a lexical entry" class="Tests\Unit\AttributeTest" classname="Tests.Unit.AttributeTest" assertions="1" time="0.027713"/>
      </testsuite>
      <testsuite name="Tests\Unit\ExampleTest" file="Example (Tests\Unit\Example)" tests="1" assertions="1" errors="0" failures="0" skipped="0" time="0.003235">
        <testcase name="That true is true" file="Example (Tests\Unit\Example)::That true is true" class="Tests\Unit\ExampleTest" classname="Tests.Unit.ExampleTest" assertions="1" time="0.003235"/>
      </testsuite>
      <testsuite name="Tests\Unit\LanguageTest" file="tests/Unit/LanguageTest.php" tests="2" assertions="2" errors="0" failures="0" skipped="0" time="0.051957">
        <testcase name="a language can be created" file="tests/Unit/LanguageTest.php::a language can be created" class="Tests\Unit\LanguageTest" classname="Tests.Unit.LanguageTest" assertions="1" time="0.021100"/>
        <testcase name="a language has many lexical entries" file="tests/Unit/LanguageTest.php::a language has many lexical entries" class="Tests\Unit\LanguageTest" classname="Tests.Unit.LanguageTest" assertions="1" time="0.030857"/>
      </testsuite>
      <testsuite name="Tests\Unit\LexicalEntryTest" file="tests/Unit/LexicalEntryTest.php" tests="6" assertions="6" errors="0" failures="0" skipped="0" time="0.172199">
        <testcase name="a lexical entry can be created" file="tests/Unit/LexicalEntryTest.php::a lexical entry can be created" class="Tests\Unit\LexicalEntryTest" classname="Tests.Unit.LexicalEntryTest" assertions="1" time="0.026466"/>
        <testcase name="a lexical entry belongs to a token" file="tests/Unit/LexicalEntryTest.php::a lexical entry belongs to a token" class="Tests\Unit\LexicalEntryTest" classname="Tests.Unit.LexicalEntryTest" assertions="1" time="0.024091"/>
        <testcase name="a lexical entry belongs to a language" file="tests/Unit/LexicalEntryTest.php::a lexical entry belongs to a language" class="Tests\Unit\LexicalEntryTest" classname="Tests.Unit.LexicalEntryTest" assertions="1" time="0.023925"/>
        <testcase name="a lexical entry has many attributes" file="tests/Unit/LexicalEntryTest.php::a lexical entry has many attributes" class="Tests\Unit\LexicalEntryTest" classname="Tests.Unit.LexicalEntryTest" assertions="1" time="0.027416"/>
        <testcase name="a lexical entry has many links" file="tests/Unit/LexicalEntryTest.php::a lexical entry has many links" class="Tests\Unit\LexicalEntryTest" classname="Tests.Unit.LexicalEntryTest" assertions="1" time="0.031944"/>
        <testcase name="a lexical entry has many linked from" file="tests/Unit/LexicalEntryTest.php::a lexical entry has many linked from" class="Tests\Unit\LexicalEntryTest" classname="Tests.Unit.LexicalEntryTest" assertions="1" time="0.038358"/>
      </testsuite>
      <testsuite name="Tests\Unit\LinkTest" file="tests/Unit/LinkTest.php" tests="3" assertions="3" errors="0" failures="0" skipped="0" time="0.090343">
        <testcase name="a link can be created" file="tests/Unit/LinkTest.php::a link can be created" class="Tests\Unit\LinkTest" classname="Tests.Unit.LinkTest" assertions="1" time="0.034739"/>
        <testcase name="a link has a source entry" file="tests/Unit/LinkTest.php::a link has a source entry" class="Tests\Unit\LinkTest" classname="Tests.Unit.LinkTest" assertions="1" time="0.027761"/>
        <testcase name="a link has a target entry" file="tests/Unit/LinkTest.php::a link has a target entry" class="Tests\Unit\LinkTest" classname="Tests.Unit.LinkTest" assertions="1" time="0.027843"/>
      </testsuite>
      <testsuite name="Tests\Unit\TokenTest" file="tests/Unit/TokenTest.php" tests="2" assertions="2" errors="0" failures="0" skipped="0" time="0.051614">
        <testcase name="a token can be created" file="tests/Unit/TokenTest.php::a token can be created" class="Tests\Unit\TokenTest" classname="Tests.Unit.TokenTest" assertions="1" time="0.024290"/>
        <testcase name="a token has many lexical entries" file="tests/Unit/TokenTest.php::a token has many lexical entries" class="Tests\Unit\TokenTest" classname="Tests.Unit.TokenTest" assertions="1" time="0.027325"/>
      </testsuite>
    </testsuite>
    <testsuite name="Feature" tests="80" assertions="289" errors="0" failures="0" skipped="0" time="2.782135">
      <testsuite name="Tests\Feature\AddAttributeCommandTest" file="tests/Feature/AddAttributeCommandTest.php" tests="2" assertions="5" errors="0" failures="0" skipped="0" time="0.056383">
        <testcase name="the add attribute command creates a new attribute" file="tests/Feature/AddAttributeCommandTest.php::the add attribute command creates a new attribute" class="Tests\Feature\AddAttributeCommandTest" classname="Tests.Feature.AddAttributeCommandTest" assertions="3" time="0.033334"/>
        <testcase name="the add attribute command handles missing lexical entry" file="tests/Feature/AddAttributeCommandTest.php::the add attribute command handles missing lexical entry" class="Tests\Feature\AddAttributeCommandTest" classname="Tests.Feature.AddAttributeCommandTest" assertions="2" time="0.023049"/>
      </testsuite>
      <testsuite name="Tests\Feature\AddEntryCommandTest" file="tests/Feature/AddEntryCommandTest.php" tests="3" assertions="7" errors="0" failures="0" skipped="0" time="0.083669">
        <testcase name="the add entry command creates a new lexical entry" file="tests/Feature/AddEntryCommandTest.php::the add entry command creates a new lexical entry" class="Tests\Feature\AddEntryCommandTest" classname="Tests.Feature.AddEntryCommandTest" assertions="3" time="0.030837"/>
        <testcase name="the add entry command handles missing token" file="tests/Feature/AddEntryCommandTest.php::the add entry command handles missing token" class="Tests\Feature\AddEntryCommandTest" classname="Tests.Feature.AddEntryCommandTest" assertions="2" time="0.025112"/>
        <testcase name="the add entry command handles missing language" file="tests/Feature/AddEntryCommandTest.php::the add entry command handles missing language" class="Tests\Feature\AddEntryCommandTest" classname="Tests.Feature.AddEntryCommandTest" assertions="2" time="0.027720"/>
      </testsuite>
      <testsuite name="Tests\Feature\AddLanguageCommandTest" file="tests/Feature/AddLanguageCommandTest.php" tests="2" assertions="5" errors="0" failures="0" skipped="0" time="0.052875">
        <testcase name="the add language command creates a new language" file="tests/Feature/AddLanguageCommandTest.php::the add language command creates a new language" class="Tests\Feature\AddLanguageCommandTest" classname="Tests.Feature.AddLanguageCommandTest" assertions="3" time="0.027821"/>
        <testcase name="the add language command handles existing languages" file="tests/Feature/AddLanguageCommandTest.php::the add language command handles existing languages" class="Tests\Feature\AddLanguageCommandTest" classname="Tests.Feature.AddLanguageCommandTest" assertions="2" time="0.025053"/>
      </testsuite>
      <testsuite name="Tests\Feature\AddLinkCommandTest" file="tests/Feature/AddLinkCommandTest.php" tests="3" assertions="7" errors="0" failures="0" skipped="0" time="0.092037">
        <testcase name="the add link command creates a new link" file="tests/Feature/AddLinkCommandTest.php::the add link command creates a new link" class="Tests\Feature\AddLinkCommandTest" classname="Tests.Feature.AddLinkCommandTest" assertions="3" time="0.036321"/>
        <testcase name="the add link command handles missing source entry" file="tests/Feature/AddLinkCommandTest.php::the add link command handles missing source entry" class="Tests\Feature\AddLinkCommandTest" classname="Tests.Feature.AddLinkCommandTest" assertions="2" time="0.027817"/>
        <testcase name="the add link command handles missing target entry" file="tests/Feature/AddLinkCommandTest.php::the add link command handles missing target entry" class="Tests\Feature\AddLinkCommandTest" classname="Tests.Feature.AddLinkCommandTest" assertions="2" time="0.027899"/>
      </testsuite>
      <testsuite name="Tests\Feature\AddTokenCommandTest" file="tests/Feature/AddTokenCommandTest.php" tests="2" assertions="5" errors="0" failures="0" skipped="0" time="0.052960">
        <testcase name="the add token command creates a new token" file="tests/Feature/AddTokenCommandTest.php::the add token command creates a new token" class="Tests\Feature\AddTokenCommandTest" classname="Tests.Feature.AddTokenCommandTest" assertions="3" time="0.028654"/>
        <testcase name="the add token command handles existing tokens" file="tests/Feature/AddTokenCommandTest.php::the add token command handles existing tokens" class="Tests\Feature\AddTokenCommandTest" classname="Tests.Feature.AddTokenCommandTest" assertions="2" time="0.024306"/>
      </testsuite>
      <testsuite name="Tests\Feature\DeleteAttributeCommandTest" file="tests/Feature/DeleteAttributeCommandTest.php" tests="2" assertions="5" errors="0" failures="0" skipped="0" time="0.055852">
        <testcase name="the delete attribute command deletes an attribute" file="tests/Feature/DeleteAttributeCommandTest.php::the delete attribute command deletes an attribute" class="Tests\Feature\DeleteAttributeCommandTest" classname="Tests.Feature.DeleteAttributeCommandTest" assertions="3" time="0.032319"/>
        <testcase name="the delete attribute command handles non-existent attributes" file="tests/Feature/DeleteAttributeCommandTest.php::the delete attribute command handles non-existent attributes" class="Tests\Feature\DeleteAttributeCommandTest" classname="Tests.Feature.DeleteAttributeCommandTest" assertions="2" time="0.023533"/>
      </testsuite>
      <testsuite name="Tests\Feature\DeleteEntryCommandTest" file="tests/Feature/DeleteEntryCommandTest.php" tests="2" assertions="7" errors="0" failures="0" skipped="0" time="0.062591">
        <testcase name="the delete entry command deletes an entry and its associations" file="tests/Feature/DeleteEntryCommandTest.php::the delete entry command deletes an entry and its associations" class="Tests\Feature\DeleteEntryCommandTest" classname="Tests.Feature.DeleteEntryCommandTest" assertions="5" time="0.038116"/>
        <testcase name="the delete entry command handles non-existent entries" file="tests/Feature/DeleteEntryCommandTest.php::the delete entry command handles non-existent entries" class="Tests\Feature\DeleteEntryCommandTest" classname="Tests.Feature.DeleteEntryCommandTest" assertions="2" time="0.024475"/>
      </testsuite>
      <testsuite name="Tests\Feature\DeleteLanguageCommandTest" file="tests/Feature/DeleteLanguageCommandTest.php" tests="2" assertions="6" errors="0" failures="0" skipped="0" time="0.057241">
        <testcase name="the delete language command deletes a language and its entries" file="tests/Feature/DeleteLanguageCommandTest.php::the delete language command deletes a language and its entries" class="Tests\Feature\DeleteLanguageCommandTest" classname="Tests.Feature.DeleteLanguageCommandTest" assertions="4" time="0.033224"/>
        <testcase name="the delete language command handles non-existent languages" file="tests/Feature/DeleteLanguageCommandTest.php::the delete language command handles non-existent languages" class="Tests\Feature\DeleteLanguageCommandTest" classname="Tests.Feature.DeleteLanguageCommandTest" assertions="2" time="0.024016"/>
      </testsuite>
      <testsuite name="Tests\Feature\DeleteLinkCommandTest" file="tests/Feature/DeleteLinkCommandTest.php" tests="2" assertions="5" errors="0" failures="0" skipped="0" time="0.064150">
        <testcase name="the delete link command deletes a link" file="tests/Feature/DeleteLinkCommandTest.php::the delete link command deletes a link" class="Tests\Feature\DeleteLinkCommandTest" classname="Tests.Feature.DeleteLinkCommandTest" assertions="3" time="0.039902"/>
        <testcase name="the delete link command handles non-existent links" file="tests/Feature/DeleteLinkCommandTest.php::the delete link command handles non-existent links" class="Tests\Feature\DeleteLinkCommandTest" classname="Tests.Feature.DeleteLinkCommandTest" assertions="2" time="0.024248"/>
      </testsuite>
      <testsuite name="Tests\Feature\DeleteTokenCommandTest" file="tests/Feature/DeleteTokenCommandTest.php" tests="2" assertions="6" errors="0" failures="0" skipped="0" time="0.056532">
        <testcase name="the delete token command deletes a token and its entries" file="tests/Feature/DeleteTokenCommandTest.php::the delete token command deletes a token and its entries" class="Tests\Feature\DeleteTokenCommandTest" classname="Tests.Feature.DeleteTokenCommandTest" assertions="4" time="0.032872"/>
        <testcase name="the delete token command handles non-existent tokens" file="tests/Feature/DeleteTokenCommandTest.php::the delete token command handles non-existent tokens" class="Tests\Feature\DeleteTokenCommandTest" classname="Tests.Feature.DeleteTokenCommandTest" assertions="2" time="0.023660"/>
      </testsuite>
      <testsuite name="Tests\Feature\ExampleTest" file="Example (Tests\Feature\Example)" tests="1" assertions="1" errors="0" failures="0" skipped="0" time="0.048814">
        <testcase name="The application returns a successful response" file="Example (Tests\Feature\Example)::The application returns a successful response" class="Tests\Feature\ExampleTest" classname="Tests.Feature.ExampleTest" assertions="1" time="0.048814"/>
      </testsuite>
      <testsuite name="Tests\Feature\ExportOteFileCommandTest" file="tests/Feature/ExportOteFileCommandTest.php" tests="1" assertions="5" errors="0" failures="0" skipped="0" time="0.043021">
        <testcase name="the export ote file command exports data to a file" file="tests/Feature/ExportOteFileCommandTest.php::the export ote file command exports data to a file" class="Tests\Feature\ExportOteFileCommandTest" classname="Tests.Feature.ExportOteFileCommandTest" assertions="5" time="0.043021"/>
      </testsuite>
      <testsuite name="Tests\Feature\HomeControllerTest" file="Home Controller (Tests\Feature\HomeController)" tests="3" assertions="20" errors="0" failures="0" skipped="0" time="0.095784">
        <testcase name="The homepage loads correctly" file="Home Controller (Tests\Feature\HomeController)::The homepage loads correctly" class="Tests\Feature\HomeControllerTest" classname="Tests.Feature.HomeControllerTest" assertions="11" time="0.036970"/>
        <testcase name="The validation page loads correctly with no issues" file="Home Controller (Tests\Feature\HomeController)::The validation page loads correctly with no issues" class="Tests\Feature\HomeControllerTest" classname="Tests.Feature.HomeControllerTest" assertions="3" time="0.028311"/>
        <testcase name="The validation page shows issues" file="Home Controller (Tests\Feature\HomeController)::The validation page shows issues" class="Tests\Feature\HomeControllerTest" classname="Tests.Feature.HomeControllerTest" assertions="6" time="0.030503"/>
      </testsuite>
      <testsuite name="Tests\Feature\ImportOteFileCommandTest" file="tests/Feature/ImportOteFileCommandTest.php" tests="2" assertions="11" errors="0" failures="0" skipped="0" time="0.069429">
        <testcase name="the import ote file command imports data from a file" file="tests/Feature/ImportOteFileCommandTest.php::the import ote file command imports data from a file" class="Tests\Feature\ImportOteFileCommandTest" classname="Tests.Feature.ImportOteFileCommandTest" assertions="9" time="0.046771"/>
        <testcase name="the import ote file command handles missing file" file="tests/Feature/ImportOteFileCommandTest.php::the import ote file command handles missing file" class="Tests\Feature\ImportOteFileCommandTest" classname="Tests.Feature.ImportOteFileCommandTest" assertions="2" time="0.022658"/>
      </testsuite>
      <testsuite name="Tests\Feature\LanguageControllerTest" file="tests/Feature/LanguageControllerTest.php" tests="7" assertions="17" errors="0" failures="0" skipped="0" time="0.200619">
        <testcase name="it displays a list of languages" file="tests/Feature/LanguageControllerTest.php::it displays a list of languages" class="Tests\Feature\LanguageControllerTest" classname="Tests.Feature.LanguageControllerTest" assertions="2" time="0.032089"/>
        <testcase name="it displays the create language form" file="tests/Feature/LanguageControllerTest.php::it displays the create language form" class="Tests\Feature\LanguageControllerTest" classname="Tests.Feature.LanguageControllerTest" assertions="1" time="0.023818"/>
        <testcase name="it creates a new language" file="tests/Feature/LanguageControllerTest.php::it creates a new language" class="Tests\Feature\LanguageControllerTest" classname="Tests.Feature.LanguageControllerTest" assertions="3" time="0.030398"/>
        <testcase name="it displays the edit language form" file="tests/Feature/LanguageControllerTest.php::it displays the edit language form" class="Tests\Feature\LanguageControllerTest" classname="Tests.Feature.LanguageControllerTest" assertions="2" time="0.026481"/>
        <testcase name="it updates a language" file="tests/Feature/LanguageControllerTest.php::it updates a language" class="Tests\Feature\LanguageControllerTest" classname="Tests.Feature.LanguageControllerTest" assertions="3" time="0.027246"/>
        <testcase name="it deletes a language" file="tests/Feature/LanguageControllerTest.php::it deletes a language" class="Tests\Feature\LanguageControllerTest" classname="Tests.Feature.LanguageControllerTest" assertions="3" time="0.029027"/>
        <testcase name="it shows a language and its lexical entries" file="tests/Feature/LanguageControllerTest.php::it shows a language and its lexical entries" class="Tests\Feature\LanguageControllerTest" classname="Tests.Feature.LanguageControllerTest" assertions="3" time="0.031560"/>
      </testsuite>
      <testsuite name="Tests\Feature\LexiconControllerTest" file="tests/Feature/LexiconControllerTest.php" tests="17" assertions="40" errors="0" failures="0" skipped="0" time="0.574624">
        <testcase name="it displays a list of lexical entries" file="tests/Feature/LexiconControllerTest.php::it displays a list of lexical entries" class="Tests\Feature\LexiconControllerTest" classname="Tests.Feature.LexiconControllerTest" assertions="2" time="0.047088"/>
        <testcase name="it displays the create lexical entry form" file="tests/Feature/LexiconControllerTest.php::it displays the create lexical entry form" class="Tests\Feature\LexiconControllerTest" classname="Tests.Feature.LexiconControllerTest" assertions="1" time="0.027476"/>
        <testcase name="it stores a new lexical entry" file="tests/Feature/LexiconControllerTest.php::it stores a new lexical entry" class="Tests\Feature\LexiconControllerTest" classname="Tests.Feature.LexiconControllerTest" assertions="3" time="0.029589"/>
        <testcase name="it shows a lexical entry" file="tests/Feature/LexiconControllerTest.php::it shows a lexical entry" class="Tests\Feature\LexiconControllerTest" classname="Tests.Feature.LexiconControllerTest" assertions="2" time="0.035104"/>
        <testcase name="it displays the edit lexical entry form" file="tests/Feature/LexiconControllerTest.php::it displays the edit lexical entry form" class="Tests\Feature\LexiconControllerTest" classname="Tests.Feature.LexiconControllerTest" assertions="2" time="0.031527"/>
        <testcase name="it updates a lexical entry" file="tests/Feature/LexiconControllerTest.php::it updates a lexical entry" class="Tests\Feature\LexiconControllerTest" classname="Tests.Feature.LexiconControllerTest" assertions="3" time="0.032393"/>
        <testcase name="it deletes a lexical entry" file="tests/Feature/LexiconControllerTest.php::it deletes a lexical entry" class="Tests\Feature\LexiconControllerTest" classname="Tests.Feature.LexiconControllerTest" assertions="3" time="0.029163"/>
        <testcase name="it displays the create attribute form" file="tests/Feature/LexiconControllerTest.php::it displays the create attribute form" class="Tests\Feature\LexiconControllerTest" classname="Tests.Feature.LexiconControllerTest" assertions="1" time="0.030085"/>
        <testcase name="it stores a new attribute" file="tests/Feature/LexiconControllerTest.php::it stores a new attribute" class="Tests\Feature\LexiconControllerTest" classname="Tests.Feature.LexiconControllerTest" assertions="3" time="0.031873"/>
        <testcase name="it displays the edit attribute form" file="tests/Feature/LexiconControllerTest.php::it displays the edit attribute form" class="Tests\Feature\LexiconControllerTest" classname="Tests.Feature.LexiconControllerTest" assertions="2" time="0.033129"/>
        <testcase name="it updates an attribute" file="tests/Feature/LexiconControllerTest.php::it updates an attribute" class="Tests\Feature\LexiconControllerTest" classname="Tests.Feature.LexiconControllerTest" assertions="3" time="0.034284"/>
        <testcase name="it deletes an attribute" file="tests/Feature/LexiconControllerTest.php::it deletes an attribute" class="Tests\Feature\LexiconControllerTest" classname="Tests.Feature.LexiconControllerTest" assertions="3" time="0.033235"/>
        <testcase name="it displays the create link form" file="tests/Feature/LexiconControllerTest.php::it displays the create link form" class="Tests\Feature\LexiconControllerTest" classname="Tests.Feature.LexiconControllerTest" assertions="1" time="0.031340"/>
        <testcase name="it stores a new link" file="tests/Feature/LexiconControllerTest.php::it stores a new link" class="Tests\Feature\LexiconControllerTest" classname="Tests.Feature.LexiconControllerTest" assertions="3" time="0.035328"/>
        <testcase name="it displays the edit link form" file="tests/Feature/LexiconControllerTest.php::it displays the edit link form" class="Tests\Feature\LexiconControllerTest" classname="Tests.Feature.LexiconControllerTest" assertions="2" time="0.038366"/>
        <testcase name="it updates a link" file="tests/Feature/LexiconControllerTest.php::it updates a link" class="Tests\Feature\LexiconControllerTest" classname="Tests.Feature.LexiconControllerTest" assertions="3" time="0.039166"/>
        <testcase name="it deletes a link" file="tests/Feature/LexiconControllerTest.php::it deletes a link" class="Tests\Feature\LexiconControllerTest" classname="Tests.Feature.LexiconControllerTest" assertions="3" time="0.035477"/>
      </testsuite>
      <testsuite name="Tests\Feature\ListAttributesCommandTest" file="tests/Feature/ListAttributesCommandTest.php" tests="1" assertions="7" errors="0" failures="0" skipped="0" time="0.065991">
        <testcase name="the list attributes command shows a table of attributes" file="tests/Feature/ListAttributesCommandTest.php::the list attributes command shows a table of attributes" class="Tests\Feature\ListAttributesCommandTest" classname="Tests.Feature.ListAttributesCommandTest" assertions="7" time="0.065991"/>
      </testsuite>
      <testsuite name="Tests\Feature\ListEntriesCommandTest" file="tests/Feature/ListEntriesCommandTest.php" tests="1" assertions="7" errors="0" failures="0" skipped="0" time="0.039045">
        <testcase name="the list entries command shows a table of entries" file="tests/Feature/ListEntriesCommandTest.php::the list entries command shows a table of entries" class="Tests\Feature\ListEntriesCommandTest" classname="Tests.Feature.ListEntriesCommandTest" assertions="7" time="0.039045"/>
      </testsuite>
      <testsuite name="Tests\Feature\ListLanguagesCommandTest" file="tests/Feature/ListLanguagesCommandTest.php" tests="1" assertions="7" errors="0" failures="0" skipped="0" time="0.032042">
        <testcase name="the list languages command shows a table of languages" file="tests/Feature/ListLanguagesCommandTest.php::the list languages command shows a table of languages" class="Tests\Feature\ListLanguagesCommandTest" classname="Tests.Feature.ListLanguagesCommandTest" assertions="7" time="0.032042"/>
      </testsuite>
      <testsuite name="Tests\Feature\ListLinksCommandTest" file="tests/Feature/ListLinksCommandTest.php" tests="1" assertions="7" errors="0" failures="0" skipped="0" time="0.047742">
        <testcase name="the list links command shows a table of links" file="tests/Feature/ListLinksCommandTest.php::the list links command shows a table of links" class="Tests\Feature\ListLinksCommandTest" classname="Tests.Feature.ListLinksCommandTest" assertions="7" time="0.047742"/>
      </testsuite>
      <testsuite name="Tests\Feature\ListTokensCommandTest" file="tests/Feature/ListTokensCommandTest.php" tests="1" assertions="3" errors="0" failures="0" skipped="0" time="0.030885">
        <testcase name="the list tokens command shows a table of tokens" file="tests/Feature/ListTokensCommandTest.php::the list tokens command shows a table of tokens" class="Tests\Feature\ListTokensCommandTest" classname="Tests.Feature.ListTokensCommandTest" assertions="3" time="0.030885"/>
      </testsuite>
      <testsuite name="Tests\Feature\ShowEntryCommandTest" file="tests/Feature/ShowEntryCommandTest.php" tests="2" assertions="19" errors="0" failures="0" skipped="0" time="0.075319">
        <testcase name="the show entry command displays entry details" file="tests/Feature/ShowEntryCommandTest.php::the show entry command displays entry details" class="Tests\Feature\ShowEntryCommandTest" classname="Tests.Feature.ShowEntryCommandTest" assertions="17" time="0.049830"/>
        <testcase name="the show entry command handles non-existent entries" file="tests/Feature/ShowEntryCommandTest.php::the show entry command handles non-existent entries" class="Tests\Feature\ShowEntryCommandTest" classname="Tests.Feature.ShowEntryCommandTest" assertions="2" time="0.025489"/>
      </testsuite>
      <testsuite name="Tests\Feature\ShowLanguageCommandTest" file="tests/Feature/ShowLanguageCommandTest.php" tests="2" assertions="13" errors="0" failures="0" skipped="0" time="0.063013">
        <testcase name="the show language command displays language details" file="tests/Feature/ShowLanguageCommandTest.php::the show language command displays language details" class="Tests\Feature\ShowLanguageCommandTest" classname="Tests.Feature.ShowLanguageCommandTest" assertions="11" time="0.037740"/>
        <testcase name="the show language command handles non-existent languages" file="tests/Feature/ShowLanguageCommandTest.php::the show language command handles non-existent languages" class="Tests\Feature\ShowLanguageCommandTest" classname="Tests.Feature.ShowLanguageCommandTest" assertions="2" time="0.025273"/>
      </testsuite>
      <testsuite name="Tests\Feature\ShowTokenCommandTest" file="tests/Feature/ShowTokenCommandTest.php" tests="2" assertions="12" errors="0" failures="0" skipped="0" time="0.063161">
        <testcase name="the show token command displays token details" file="tests/Feature/ShowTokenCommandTest.php::the show token command displays token details" class="Tests\Feature\ShowTokenCommandTest" classname="Tests.Feature.ShowTokenCommandTest" assertions="10" time="0.037543"/>
        <testcase name="the show token command handles non-existent tokens" file="tests/Feature/ShowTokenCommandTest.php::the show token command handles non-existent tokens" class="Tests\Feature\ShowTokenCommandTest" classname="Tests.Feature.ShowTokenCommandTest" assertions="2" time="0.025618"/>
      </testsuite>
      <testsuite name="Tests\Feature\StatsCommandTest" file="tests/Feature/StatsCommandTest.php" tests="1" assertions="8" errors="0" failures="0" skipped="0" time="0.255315">
        <testcase name="the stats command displays lexicon statistics" file="tests/Feature/StatsCommandTest.php::the stats command displays lexicon statistics" class="Tests\Feature\StatsCommandTest" classname="Tests.Feature.StatsCommandTest" assertions="8" time="0.255315"/>
      </testsuite>
      <testsuite name="Tests\Feature\TokenControllerTest" file="tests/Feature/TokenControllerTest.php" tests="7" assertions="17" errors="0" failures="0" skipped="0" time="0.202777">
        <testcase name="it displays a list of tokens" file="tests/Feature/TokenControllerTest.php::it displays a list of tokens" class="Tests\Feature\TokenControllerTest" classname="Tests.Feature.TokenControllerTest" assertions="2" time="0.035661"/>
        <testcase name="it displays the create token form" file="tests/Feature/TokenControllerTest.php::it displays the create token form" class="Tests\Feature\TokenControllerTest" classname="Tests.Feature.TokenControllerTest" assertions="1" time="0.025252"/>
        <testcase name="it creates a new token" file="tests/Feature/TokenControllerTest.php::it creates a new token" class="Tests\Feature\TokenControllerTest" classname="Tests.Feature.TokenControllerTest" assertions="3" time="0.026953"/>
        <testcase name="it displays the edit token form" file="tests/Feature/TokenControllerTest.php::it displays the edit token form" class="Tests\Feature\TokenControllerTest" classname="Tests.Feature.TokenControllerTest" assertions="2" time="0.027114"/>
        <testcase name="it updates a token" file="tests/Feature/TokenControllerTest.php::it updates a token" class="Tests\Feature\TokenControllerTest" classname="Tests.Feature.TokenControllerTest" assertions="3" time="0.028326"/>
        <testcase name="it deletes a token" file="tests/Feature/TokenControllerTest.php::it deletes a token" class="Tests\Feature\TokenControllerTest" classname="Tests.Feature.TokenControllerTest" assertions="3" time="0.026606"/>
        <testcase name="it shows a token and its lexical entries" file="tests/Feature/TokenControllerTest.php::it shows a token and its lexical entries" class="Tests\Feature\TokenControllerTest" classname="Tests.Feature.TokenControllerTest" assertions="3" time="0.032865"/>
      </testsuite>
      <testsuite name="Tests\Feature\UpdateLanguageCommandTest" file="tests/Feature/UpdateLanguageCommandTest.php" tests="2" assertions="5" errors="0" failures="0" skipped="0" time="0.060944">
        <testcase name="the update language command updates a language" file="tests/Feature/UpdateLanguageCommandTest.php::the update language command updates a language" class="Tests\Feature\UpdateLanguageCommandTest" classname="Tests.Feature.UpdateLanguageCommandTest" assertions="3" time="0.035881"/>
        <testcase name="the update language command handles non-existent languages" file="tests/Feature/UpdateLanguageCommandTest.php::the update language command handles non-existent languages" class="Tests\Feature\UpdateLanguageCommandTest" classname="Tests.Feature.UpdateLanguageCommandTest" assertions="2" time="0.025063"/>
      </testsuite>
      <testsuite name="Tests\Feature\UpdateTokenCommandTest" file="tests/Feature/UpdateTokenCommandTest.php" tests="2" assertions="5" errors="0" failures="0" skipped="0" time="0.053357">
        <testcase name="the update token command updates a token" file="tests/Feature/UpdateTokenCommandTest.php::the update token command updates a token" class="Tests\Feature\UpdateTokenCommandTest" classname="Tests.Feature.UpdateTokenCommandTest" assertions="3" time="0.029343"/>
        <testcase name="the update token command handles non-existent tokens" file="tests/Feature/UpdateTokenCommandTest.php::the update token command handles non-existent tokens" class="Tests\Feature\UpdateTokenCommandTest" classname="Tests.Feature.UpdateTokenCommandTest" assertions="2" time="0.024013"/>
      </testsuite>
      <testsuite name="Tests\Feature\ValidateCommandTest" file="tests/Feature/ValidateCommandTest.php" tests="4" assertions="27" errors="0" failures="0" skipped="0" time="0.125964">
        <testcase name="the validate command finds no issues with clean data" file="tests/Feature/ValidateCommandTest.php::the validate command finds no issues with clean data" class="Tests\Feature\ValidateCommandTest" classname="Tests.Feature.ValidateCommandTest" assertions="3" time="0.030170"/>
        <testcase name="the validate command finds duplicate tokens" file="tests/Feature/ValidateCommandTest.php::the validate command finds duplicate tokens" class="Tests\Feature\ValidateCommandTest" classname="Tests.Feature.ValidateCommandTest" assertions="6" time="0.033179"/>
        <testcase name="the validate command finds unused tokens" file="tests/Feature/ValidateCommandTest.php::the validate command finds unused tokens" class="Tests\Feature\ValidateCommandTest" classname="Tests.Feature.ValidateCommandTest" assertions="9" time="0.032099"/>
        <testcase name="the validate command finds unused languages" file="tests/Feature/ValidateCommandTest.php::the validate command finds unused languages" class="Tests\Feature\ValidateCommandTest" classname="Tests.Feature.ValidateCommandTest" assertions="9" time="0.030515"/>
      </testsuite>
    </testsuite>
  </testsuite>
</testsuites>
