<?xml version="1.0" encoding="UTF-8"?>
<testsuites>
  <testsuite name="/home/runner/work/ote/ote/phpunit.xml" tests="62" assertions="135" errors="0" failures="1" skipped="0" time="2.113835">
    <testsuite name="Unit" tests="16" assertions="16" errors="0" failures="0" skipped="0" time="0.631387">
      <testsuite name="Tests\Unit\AttributeTest" file="tests/Unit/AttributeTest.php" tests="2" assertions="2" errors="0" failures="0" skipped="0" time="0.238590">
        <testcase name="an attribute can be created" file="tests/Unit/AttributeTest.php::an attribute can be created" class="Tests\Unit\AttributeTest" classname="Tests.Unit.AttributeTest" assertions="1" time="0.209962"/>
        <testcase name="an attribute belongs to a lexical entry" file="tests/Unit/AttributeTest.php::an attribute belongs to a lexical entry" class="Tests\Unit\AttributeTest" classname="Tests.Unit.AttributeTest" assertions="1" time="0.028628"/>
      </testsuite>
      <testsuite name="Tests\Unit\ExampleTest" file="Example (Tests\Unit\Example)" tests="1" assertions="1" errors="0" failures="0" skipped="0" time="0.003431">
        <testcase name="That true is true" file="Example (Tests\Unit\Example)::That true is true" class="Tests\Unit\ExampleTest" classname="Tests.Unit.ExampleTest" assertions="1" time="0.003431"/>
      </testsuite>
      <testsuite name="Tests\Unit\LanguageTest" file="tests/Unit/LanguageTest.php" tests="2" assertions="2" errors="0" failures="0" skipped="0" time="0.055689">
        <testcase name="a language can be created" file="tests/Unit/LanguageTest.php::a language can be created" class="Tests\Unit\LanguageTest" classname="Tests.Unit.LanguageTest" assertions="1" time="0.022766"/>
        <testcase name="a language has many lexical entries" file="tests/Unit/LanguageTest.php::a language has many lexical entries" class="Tests\Unit\LanguageTest" classname="Tests.Unit.LanguageTest" assertions="1" time="0.032923"/>
      </testsuite>
      <testsuite name="Tests\Unit\LexicalEntryTest" file="tests/Unit/LexicalEntryTest.php" tests="6" assertions="6" errors="0" failures="0" skipped="0" time="0.181247">
        <testcase name="a lexical entry can be created" file="tests/Unit/LexicalEntryTest.php::a lexical entry can be created" class="Tests\Unit\LexicalEntryTest" classname="Tests.Unit.LexicalEntryTest" assertions="1" time="0.027209"/>
        <testcase name="a lexical entry belongs to a token" file="tests/Unit/LexicalEntryTest.php::a lexical entry belongs to a token" class="Tests\Unit\LexicalEntryTest" classname="Tests.Unit.LexicalEntryTest" assertions="1" time="0.025638"/>
        <testcase name="a lexical entry belongs to a language" file="tests/Unit/LexicalEntryTest.php::a lexical entry belongs to a language" class="Tests\Unit\LexicalEntryTest" classname="Tests.Unit.LexicalEntryTest" assertions="1" time="0.025547"/>
        <testcase name="a lexical entry has many attributes" file="tests/Unit/LexicalEntryTest.php::a lexical entry has many attributes" class="Tests\Unit\LexicalEntryTest" classname="Tests.Unit.LexicalEntryTest" assertions="1" time="0.029206"/>
        <testcase name="a lexical entry has many links" file="tests/Unit/LexicalEntryTest.php::a lexical entry has many links" class="Tests\Unit\LexicalEntryTest" classname="Tests.Unit.LexicalEntryTest" assertions="1" time="0.033822"/>
        <testcase name="a lexical entry has many linked from" file="tests/Unit/LexicalEntryTest.php::a lexical entry has many linked from" class="Tests\Unit\LexicalEntryTest" classname="Tests.Unit.LexicalEntryTest" assertions="1" time="0.039826"/>
      </testsuite>
      <testsuite name="Tests\Unit\LinkTest" file="tests/Unit/LinkTest.php" tests="3" assertions="3" errors="0" failures="0" skipped="0" time="0.095694">
        <testcase name="a link can be created" file="tests/Unit/LinkTest.php::a link can be created" class="Tests\Unit\LinkTest" classname="Tests.Unit.LinkTest" assertions="1" time="0.036195"/>
        <testcase name="a link has a source entry" file="tests/Unit/LinkTest.php::a link has a source entry" class="Tests\Unit\LinkTest" classname="Tests.Unit.LinkTest" assertions="1" time="0.029711"/>
        <testcase name="a link has a target entry" file="tests/Unit/LinkTest.php::a link has a target entry" class="Tests\Unit\LinkTest" classname="Tests.Unit.LinkTest" assertions="1" time="0.029788"/>
      </testsuite>
      <testsuite name="Tests\Unit\TokenTest" file="tests/Unit/TokenTest.php" tests="2" assertions="2" errors="0" failures="0" skipped="0" time="0.056736">
        <testcase name="a token can be created" file="tests/Unit/TokenTest.php::a token can be created" class="Tests\Unit\TokenTest" classname="Tests.Unit.TokenTest" assertions="1" time="0.027962"/>
        <testcase name="a token has many lexical entries" file="tests/Unit/TokenTest.php::a token has many lexical entries" class="Tests\Unit\TokenTest" classname="Tests.Unit.TokenTest" assertions="1" time="0.028774"/>
      </testsuite>
    </testsuite>
    <testsuite name="Feature" tests="46" assertions="119" errors="0" failures="1" skipped="0" time="1.482449">
      <testsuite name="Tests\Feature\AddAttributeCommandTest" file="tests/Feature/AddAttributeCommandTest.php" tests="2" assertions="5" errors="0" failures="0" skipped="0" time="0.059392">
        <testcase name="the add attribute command creates a new attribute" file="tests/Feature/AddAttributeCommandTest.php::the add attribute command creates a new attribute" class="Tests\Feature\AddAttributeCommandTest" classname="Tests.Feature.AddAttributeCommandTest" assertions="3" time="0.035787"/>
        <testcase name="the add attribute command handles missing lexical entry" file="tests/Feature/AddAttributeCommandTest.php::the add attribute command handles missing lexical entry" class="Tests\Feature\AddAttributeCommandTest" classname="Tests.Feature.AddAttributeCommandTest" assertions="2" time="0.023605"/>
      </testsuite>
      <testsuite name="Tests\Feature\AddEntryCommandTest" file="tests/Feature/AddEntryCommandTest.php" tests="3" assertions="7" errors="0" failures="0" skipped="0" time="0.083149">
        <testcase name="the add entry command creates a new lexical entry" file="tests/Feature/AddEntryCommandTest.php::the add entry command creates a new lexical entry" class="Tests\Feature\AddEntryCommandTest" classname="Tests.Feature.AddEntryCommandTest" assertions="3" time="0.032002"/>
        <testcase name="the add entry command handles missing token" file="tests/Feature/AddEntryCommandTest.php::the add entry command handles missing token" class="Tests\Feature\AddEntryCommandTest" classname="Tests.Feature.AddEntryCommandTest" assertions="2" time="0.025769"/>
        <testcase name="the add entry command handles missing language" file="tests/Feature/AddEntryCommandTest.php::the add entry command handles missing language" class="Tests\Feature\AddEntryCommandTest" classname="Tests.Feature.AddEntryCommandTest" assertions="2" time="0.025377"/>
      </testsuite>
      <testsuite name="Tests\Feature\AddLanguageCommandTest" file="tests/Feature/AddLanguageCommandTest.php" tests="2" assertions="5" errors="0" failures="0" skipped="0" time="0.053273">
        <testcase name="the add language command creates a new language" file="tests/Feature/AddLanguageCommandTest.php::the add language command creates a new language" class="Tests\Feature\AddLanguageCommandTest" classname="Tests.Feature.AddLanguageCommandTest" assertions="3" time="0.028023"/>
        <testcase name="the add language command handles existing languages" file="tests/Feature/AddLanguageCommandTest.php::the add language command handles existing languages" class="Tests\Feature\AddLanguageCommandTest" classname="Tests.Feature.AddLanguageCommandTest" assertions="2" time="0.025250"/>
      </testsuite>
      <testsuite name="Tests\Feature\AddLinkCommandTest" file="tests/Feature/AddLinkCommandTest.php" tests="3" assertions="7" errors="0" failures="0" skipped="0" time="0.091510">
        <testcase name="the add link command creates a new link" file="tests/Feature/AddLinkCommandTest.php::the add link command creates a new link" class="Tests\Feature\AddLinkCommandTest" classname="Tests.Feature.AddLinkCommandTest" assertions="3" time="0.035506"/>
        <testcase name="the add link command handles missing source entry" file="tests/Feature/AddLinkCommandTest.php::the add link command handles missing source entry" class="Tests\Feature\AddLinkCommandTest" classname="Tests.Feature.AddLinkCommandTest" assertions="2" time="0.027992"/>
        <testcase name="the add link command handles missing target entry" file="tests/Feature/AddLinkCommandTest.php::the add link command handles missing target entry" class="Tests\Feature\AddLinkCommandTest" classname="Tests.Feature.AddLinkCommandTest" assertions="2" time="0.028012"/>
      </testsuite>
      <testsuite name="Tests\Feature\AddTokenCommandTest" file="tests/Feature/AddTokenCommandTest.php" tests="2" assertions="5" errors="0" failures="0" skipped="0" time="0.052613">
        <testcase name="the add token command creates a new token" file="tests/Feature/AddTokenCommandTest.php::the add token command creates a new token" class="Tests\Feature\AddTokenCommandTest" classname="Tests.Feature.AddTokenCommandTest" assertions="3" time="0.028135"/>
        <testcase name="the add token command handles existing tokens" file="tests/Feature/AddTokenCommandTest.php::the add token command handles existing tokens" class="Tests\Feature\AddTokenCommandTest" classname="Tests.Feature.AddTokenCommandTest" assertions="2" time="0.024478"/>
      </testsuite>
      <testsuite name="Tests\Feature\ExampleTest" file="Example (Tests\Feature\Example)" tests="1" assertions="1" errors="0" failures="0" skipped="0" time="0.038640">
        <testcase name="The application returns a successful response" file="Example (Tests\Feature\Example)::The application returns a successful response" class="Tests\Feature\ExampleTest" classname="Tests.Feature.ExampleTest" assertions="1" time="0.038640"/>
      </testsuite>
      <testsuite name="Tests\Feature\ExportOteFileCommandTest" file="tests/Feature/ExportOteFileCommandTest.php" tests="1" assertions="3" errors="0" failures="1" skipped="0" time="0.046762">
        <testcase name="the export ote file command exports data to a file" file="tests/Feature/ExportOteFileCommandTest.php::the export ote file command exports data to a file" class="Tests\Feature\ExportOteFileCommandTest" classname="Tests.Feature.ExportOteFileCommandTest" assertions="3" time="0.046762">
          <failure type="PHPUnit\Framework\AssertionFailedError">the export ote file command exports data to a fileOutput "Successfully exported 2 word pairs to /home/runner/work/ote/ote/storage/app/test.ote" was not printed.
at vendor/laravel/framework/src/Illuminate/Testing/PendingCommand.php:505
at vendor/laravel/framework/src/Illuminate/Testing/PendingCommand.php:473
at vendor/laravel/framework/src/Illuminate/Testing/PendingCommand.php:653
at tests/Feature/ExportOteFileCommandTest.php:39</failure>
        </testcase>
      </testsuite>
      <testsuite name="Tests\Feature\ImportOteFileCommandTest" file="tests/Feature/ImportOteFileCommandTest.php" tests="2" assertions="11" errors="0" failures="0" skipped="0" time="0.067893">
        <testcase name="the import ote file command imports data from a file" file="tests/Feature/ImportOteFileCommandTest.php::the import ote file command imports data from a file" class="Tests\Feature\ImportOteFileCommandTest" classname="Tests.Feature.ImportOteFileCommandTest" assertions="9" time="0.045984"/>
        <testcase name="the import ote file command handles missing file" file="tests/Feature/ImportOteFileCommandTest.php::the import ote file command handles missing file" class="Tests\Feature\ImportOteFileCommandTest" classname="Tests.Feature.ImportOteFileCommandTest" assertions="2" time="0.021909"/>
      </testsuite>
      <testsuite name="Tests\Feature\LanguageControllerTest" file="tests/Feature/LanguageControllerTest.php" tests="6" assertions="14" errors="0" failures="0" skipped="0" time="0.177047">
        <testcase name="it displays a list of languages" file="tests/Feature/LanguageControllerTest.php::it displays a list of languages" class="Tests\Feature\LanguageControllerTest" classname="Tests.Feature.LanguageControllerTest" assertions="2" time="0.035818"/>
        <testcase name="it displays the create language form" file="tests/Feature/LanguageControllerTest.php::it displays the create language form" class="Tests\Feature\LanguageControllerTest" classname="Tests.Feature.LanguageControllerTest" assertions="1" time="0.024671"/>
        <testcase name="it creates a new language" file="tests/Feature/LanguageControllerTest.php::it creates a new language" class="Tests\Feature\LanguageControllerTest" classname="Tests.Feature.LanguageControllerTest" assertions="3" time="0.031877"/>
        <testcase name="it displays the edit language form" file="tests/Feature/LanguageControllerTest.php::it displays the edit language form" class="Tests\Feature\LanguageControllerTest" classname="Tests.Feature.LanguageControllerTest" assertions="2" time="0.027993"/>
        <testcase name="it updates a language" file="tests/Feature/LanguageControllerTest.php::it updates a language" class="Tests\Feature\LanguageControllerTest" classname="Tests.Feature.LanguageControllerTest" assertions="3" time="0.028877"/>
        <testcase name="it deletes a language" file="tests/Feature/LanguageControllerTest.php::it deletes a language" class="Tests\Feature\LanguageControllerTest" classname="Tests.Feature.LanguageControllerTest" assertions="3" time="0.027810"/>
      </testsuite>
      <testsuite name="Tests\Feature\LexiconControllerTest" file="tests/Feature/LexiconControllerTest.php" tests="17" assertions="40" errors="0" failures="0" skipped="0" time="0.588631">
        <testcase name="it displays a list of lexical entries" file="tests/Feature/LexiconControllerTest.php::it displays a list of lexical entries" class="Tests\Feature\LexiconControllerTest" classname="Tests.Feature.LexiconControllerTest" assertions="2" time="0.046371"/>
        <testcase name="it displays the create lexical entry form" file="tests/Feature/LexiconControllerTest.php::it displays the create lexical entry form" class="Tests\Feature\LexiconControllerTest" classname="Tests.Feature.LexiconControllerTest" assertions="1" time="0.027248"/>
        <testcase name="it stores a new lexical entry" file="tests/Feature/LexiconControllerTest.php::it stores a new lexical entry" class="Tests\Feature\LexiconControllerTest" classname="Tests.Feature.LexiconControllerTest" assertions="3" time="0.030565"/>
        <testcase name="it shows a lexical entry" file="tests/Feature/LexiconControllerTest.php::it shows a lexical entry" class="Tests\Feature\LexiconControllerTest" classname="Tests.Feature.LexiconControllerTest" assertions="2" time="0.035639"/>
        <testcase name="it displays the edit lexical entry form" file="tests/Feature/LexiconControllerTest.php::it displays the edit lexical entry form" class="Tests\Feature\LexiconControllerTest" classname="Tests.Feature.LexiconControllerTest" assertions="2" time="0.032669"/>
        <testcase name="it updates a lexical entry" file="tests/Feature/LexiconControllerTest.php::it updates a lexical entry" class="Tests\Feature\LexiconControllerTest" classname="Tests.Feature.LexiconControllerTest" assertions="3" time="0.034220"/>
        <testcase name="it deletes a lexical entry" file="tests/Feature/LexiconControllerTest.php::it deletes a lexical entry" class="Tests\Feature\LexiconControllerTest" classname="Tests.Feature.LexiconControllerTest" assertions="3" time="0.031704"/>
        <testcase name="it displays the create attribute form" file="tests/Feature/LexiconControllerTest.php::it displays the create attribute form" class="Tests\Feature\LexiconControllerTest" classname="Tests.Feature.LexiconControllerTest" assertions="1" time="0.031301"/>
        <testcase name="it stores a new attribute" file="tests/Feature/LexiconControllerTest.php::it stores a new attribute" class="Tests\Feature\LexiconControllerTest" classname="Tests.Feature.LexiconControllerTest" assertions="3" time="0.032826"/>
        <testcase name="it displays the edit attribute form" file="tests/Feature/LexiconControllerTest.php::it displays the edit attribute form" class="Tests\Feature\LexiconControllerTest" classname="Tests.Feature.LexiconControllerTest" assertions="2" time="0.033489"/>
        <testcase name="it updates an attribute" file="tests/Feature/LexiconControllerTest.php::it updates an attribute" class="Tests\Feature\LexiconControllerTest" classname="Tests.Feature.LexiconControllerTest" assertions="3" time="0.033742"/>
        <testcase name="it deletes an attribute" file="tests/Feature/LexiconControllerTest.php::it deletes an attribute" class="Tests\Feature\LexiconControllerTest" classname="Tests.Feature.LexiconControllerTest" assertions="3" time="0.033652"/>
        <testcase name="it displays the create link form" file="tests/Feature/LexiconControllerTest.php::it displays the create link form" class="Tests\Feature\LexiconControllerTest" classname="Tests.Feature.LexiconControllerTest" assertions="1" time="0.031619"/>
        <testcase name="it stores a new link" file="tests/Feature/LexiconControllerTest.php::it stores a new link" class="Tests\Feature\LexiconControllerTest" classname="Tests.Feature.LexiconControllerTest" assertions="3" time="0.039361"/>
        <testcase name="it displays the edit link form" file="tests/Feature/LexiconControllerTest.php::it displays the edit link form" class="Tests\Feature\LexiconControllerTest" classname="Tests.Feature.LexiconControllerTest" assertions="2" time="0.037762"/>
        <testcase name="it updates a link" file="tests/Feature/LexiconControllerTest.php::it updates a link" class="Tests\Feature\LexiconControllerTest" classname="Tests.Feature.LexiconControllerTest" assertions="3" time="0.039819"/>
        <testcase name="it deletes a link" file="tests/Feature/LexiconControllerTest.php::it deletes a link" class="Tests\Feature\LexiconControllerTest" classname="Tests.Feature.LexiconControllerTest" assertions="3" time="0.036643"/>
      </testsuite>
      <testsuite name="Tests\Feature\ListEntriesCommandTest" file="tests/Feature/ListEntriesCommandTest.php" tests="1" assertions="7" errors="0" failures="0" skipped="0" time="0.058304">
        <testcase name="the list entries command shows a table of entries" file="tests/Feature/ListEntriesCommandTest.php::the list entries command shows a table of entries" class="Tests\Feature\ListEntriesCommandTest" classname="Tests.Feature.ListEntriesCommandTest" assertions="7" time="0.058304"/>
      </testsuite>
      <testsuite name="Tests\Feature\TokenControllerTest" file="tests/Feature/TokenControllerTest.php" tests="6" assertions="14" errors="0" failures="0" skipped="0" time="0.165235">
        <testcase name="it displays a list of tokens" file="tests/Feature/TokenControllerTest.php::it displays a list of tokens" class="Tests\Feature\TokenControllerTest" classname="Tests.Feature.TokenControllerTest" assertions="2" time="0.030573"/>
        <testcase name="it displays the create token form" file="tests/Feature/TokenControllerTest.php::it displays the create token form" class="Tests\Feature\TokenControllerTest" classname="Tests.Feature.TokenControllerTest" assertions="1" time="0.024283"/>
        <testcase name="it creates a new token" file="tests/Feature/TokenControllerTest.php::it creates a new token" class="Tests\Feature\TokenControllerTest" classname="Tests.Feature.TokenControllerTest" assertions="3" time="0.026609"/>
        <testcase name="it displays the edit token form" file="tests/Feature/TokenControllerTest.php::it displays the edit token form" class="Tests\Feature\TokenControllerTest" classname="Tests.Feature.TokenControllerTest" assertions="2" time="0.027432"/>
        <testcase name="it updates a token" file="tests/Feature/TokenControllerTest.php::it updates a token" class="Tests\Feature\TokenControllerTest" classname="Tests.Feature.TokenControllerTest" assertions="3" time="0.028857"/>
        <testcase name="it deletes a token" file="tests/Feature/TokenControllerTest.php::it deletes a token" class="Tests\Feature\TokenControllerTest" classname="Tests.Feature.TokenControllerTest" assertions="3" time="0.027482"/>
      </testsuite>
    </testsuite>
  </testsuite>
</testsuites>
