<?xml version="1.0" encoding="UTF-8"?>
<testsuites>
  <testsuite name="/home/runner/work/ote/ote/phpunit.xml" tests="96" assertions="305" errors="0" failures="0" skipped="0" time="3.329656">
    <testsuite name="Unit" tests="16" assertions="16" errors="0" failures="0" skipped="0" time="0.605816">
      <testsuite name="Tests\Unit\AttributeTest" file="tests/Unit/AttributeTest.php" tests="2" assertions="2" errors="0" failures="0" skipped="0" time="0.225584">
        <testcase name="an attribute can be created" file="tests/Unit/AttributeTest.php::an attribute can be created" class="Tests\Unit\AttributeTest" classname="Tests.Unit.AttributeTest" assertions="1" time="0.197399"/>
        <testcase name="an attribute belongs to a lexical entry" file="tests/Unit/AttributeTest.php::an attribute belongs to a lexical entry" class="Tests\Unit\AttributeTest" classname="Tests.Unit.AttributeTest" assertions="1" time="0.028185"/>
      </testsuite>
      <testsuite name="Tests\Unit\ExampleTest" file="Example (Tests\Unit\Example)" tests="1" assertions="1" errors="0" failures="0" skipped="0" time="0.003344">
        <testcase name="That true is true" file="Example (Tests\Unit\Example)::That true is true" class="Tests\Unit\ExampleTest" classname="Tests.Unit.ExampleTest" assertions="1" time="0.003344"/>
      </testsuite>
      <testsuite name="Tests\Unit\LanguageTest" file="tests/Unit/LanguageTest.php" tests="2" assertions="2" errors="0" failures="0" skipped="0" time="0.054422">
        <testcase name="a language can be created" file="tests/Unit/LanguageTest.php::a language can be created" class="Tests\Unit\LanguageTest" classname="Tests.Unit.LanguageTest" assertions="1" time="0.022692"/>
        <testcase name="a language has many lexical entries" file="tests/Unit/LanguageTest.php::a language has many lexical entries" class="Tests\Unit\LanguageTest" classname="Tests.Unit.LanguageTest" assertions="1" time="0.031729"/>
      </testsuite>
      <testsuite name="Tests\Unit\LexicalEntryTest" file="tests/Unit/LexicalEntryTest.php" tests="6" assertions="6" errors="0" failures="0" skipped="0" time="0.175289">
        <testcase name="a lexical entry can be created" file="tests/Unit/LexicalEntryTest.php::a lexical entry can be created" class="Tests\Unit\LexicalEntryTest" classname="Tests.Unit.LexicalEntryTest" assertions="1" time="0.026441"/>
        <testcase name="a lexical entry belongs to a token" file="tests/Unit/LexicalEntryTest.php::a lexical entry belongs to a token" class="Tests\Unit\LexicalEntryTest" classname="Tests.Unit.LexicalEntryTest" assertions="1" time="0.024437"/>
        <testcase name="a lexical entry belongs to a language" file="tests/Unit/LexicalEntryTest.php::a lexical entry belongs to a language" class="Tests\Unit\LexicalEntryTest" classname="Tests.Unit.LexicalEntryTest" assertions="1" time="0.024863"/>
        <testcase name="a lexical entry has many attributes" file="tests/Unit/LexicalEntryTest.php::a lexical entry has many attributes" class="Tests\Unit\LexicalEntryTest" classname="Tests.Unit.LexicalEntryTest" assertions="1" time="0.028316"/>
        <testcase name="a lexical entry has many links" file="tests/Unit/LexicalEntryTest.php::a lexical entry has many links" class="Tests\Unit\LexicalEntryTest" classname="Tests.Unit.LexicalEntryTest" assertions="1" time="0.032369"/>
        <testcase name="a lexical entry has many linked from" file="tests/Unit/LexicalEntryTest.php::a lexical entry has many linked from" class="Tests\Unit\LexicalEntryTest" classname="Tests.Unit.LexicalEntryTest" assertions="1" time="0.038863"/>
      </testsuite>
      <testsuite name="Tests\Unit\LinkTest" file="tests/Unit/LinkTest.php" tests="3" assertions="3" errors="0" failures="0" skipped="0" time="0.092101">
        <testcase name="a link can be created" file="tests/Unit/LinkTest.php::a link can be created" class="Tests\Unit\LinkTest" classname="Tests.Unit.LinkTest" assertions="1" time="0.035032"/>
        <testcase name="a link has a source entry" file="tests/Unit/LinkTest.php::a link has a source entry" class="Tests\Unit\LinkTest" classname="Tests.Unit.LinkTest" assertions="1" time="0.028238"/>
        <testcase name="a link has a target entry" file="tests/Unit/LinkTest.php::a link has a target entry" class="Tests\Unit\LinkTest" classname="Tests.Unit.LinkTest" assertions="1" time="0.028831"/>
      </testsuite>
      <testsuite name="Tests\Unit\TokenTest" file="tests/Unit/TokenTest.php" tests="2" assertions="2" errors="0" failures="0" skipped="0" time="0.055077">
        <testcase name="a token can be created" file="tests/Unit/TokenTest.php::a token can be created" class="Tests\Unit\TokenTest" classname="Tests.Unit.TokenTest" assertions="1" time="0.025653"/>
        <testcase name="a token has many lexical entries" file="tests/Unit/TokenTest.php::a token has many lexical entries" class="Tests\Unit\TokenTest" classname="Tests.Unit.TokenTest" assertions="1" time="0.029424"/>
      </testsuite>
    </testsuite>
    <testsuite name="Feature" tests="80" assertions="289" errors="0" failures="0" skipped="0" time="2.723840">
      <testsuite name="Tests\Feature\AddAttributeCommandTest" file="tests/Feature/AddAttributeCommandTest.php" tests="2" assertions="5" errors="0" failures="0" skipped="0" time="0.058186">
        <testcase name="the add attribute command creates a new attribute" file="tests/Feature/AddAttributeCommandTest.php::the add attribute command creates a new attribute" class="Tests\Feature\AddAttributeCommandTest" classname="Tests.Feature.AddAttributeCommandTest" assertions="3" time="0.034657"/>
        <testcase name="the add attribute command handles missing lexical entry" file="tests/Feature/AddAttributeCommandTest.php::the add attribute command handles missing lexical entry" class="Tests\Feature\AddAttributeCommandTest" classname="Tests.Feature.AddAttributeCommandTest" assertions="2" time="0.023528"/>
      </testsuite>
      <testsuite name="Tests\Feature\AddEntryCommandTest" file="tests/Feature/AddEntryCommandTest.php" tests="3" assertions="7" errors="0" failures="0" skipped="0" time="0.086199">
        <testcase name="the add entry command creates a new lexical entry" file="tests/Feature/AddEntryCommandTest.php::the add entry command creates a new lexical entry" class="Tests\Feature\AddEntryCommandTest" classname="Tests.Feature.AddEntryCommandTest" assertions="3" time="0.032026"/>
        <testcase name="the add entry command handles missing token" file="tests/Feature/AddEntryCommandTest.php::the add entry command handles missing token" class="Tests\Feature\AddEntryCommandTest" classname="Tests.Feature.AddEntryCommandTest" assertions="2" time="0.025904"/>
        <testcase name="the add entry command handles missing language" file="tests/Feature/AddEntryCommandTest.php::the add entry command handles missing language" class="Tests\Feature\AddEntryCommandTest" classname="Tests.Feature.AddEntryCommandTest" assertions="2" time="0.028269"/>
      </testsuite>
      <testsuite name="Tests\Feature\AddLanguageCommandTest" file="tests/Feature/AddLanguageCommandTest.php" tests="2" assertions="5" errors="0" failures="0" skipped="0" time="0.053202">
        <testcase name="the add language command creates a new language" file="tests/Feature/AddLanguageCommandTest.php::the add language command creates a new language" class="Tests\Feature\AddLanguageCommandTest" classname="Tests.Feature.AddLanguageCommandTest" assertions="3" time="0.028424"/>
        <testcase name="the add language command handles existing languages" file="tests/Feature/AddLanguageCommandTest.php::the add language command handles existing languages" class="Tests\Feature\AddLanguageCommandTest" classname="Tests.Feature.AddLanguageCommandTest" assertions="2" time="0.024778"/>
      </testsuite>
      <testsuite name="Tests\Feature\AddLinkCommandTest" file="tests/Feature/AddLinkCommandTest.php" tests="3" assertions="7" errors="0" failures="0" skipped="0" time="0.091376">
        <testcase name="the add link command creates a new link" file="tests/Feature/AddLinkCommandTest.php::the add link command creates a new link" class="Tests\Feature\AddLinkCommandTest" classname="Tests.Feature.AddLinkCommandTest" assertions="3" time="0.035316"/>
        <testcase name="the add link command handles missing source entry" file="tests/Feature/AddLinkCommandTest.php::the add link command handles missing source entry" class="Tests\Feature\AddLinkCommandTest" classname="Tests.Feature.AddLinkCommandTest" assertions="2" time="0.028004"/>
        <testcase name="the add link command handles missing target entry" file="tests/Feature/AddLinkCommandTest.php::the add link command handles missing target entry" class="Tests\Feature\AddLinkCommandTest" classname="Tests.Feature.AddLinkCommandTest" assertions="2" time="0.028056"/>
      </testsuite>
      <testsuite name="Tests\Feature\AddTokenCommandTest" file="tests/Feature/AddTokenCommandTest.php" tests="2" assertions="5" errors="0" failures="0" skipped="0" time="0.053010">
        <testcase name="the add token command creates a new token" file="tests/Feature/AddTokenCommandTest.php::the add token command creates a new token" class="Tests\Feature\AddTokenCommandTest" classname="Tests.Feature.AddTokenCommandTest" assertions="3" time="0.028664"/>
        <testcase name="the add token command handles existing tokens" file="tests/Feature/AddTokenCommandTest.php::the add token command handles existing tokens" class="Tests\Feature\AddTokenCommandTest" classname="Tests.Feature.AddTokenCommandTest" assertions="2" time="0.024345"/>
      </testsuite>
      <testsuite name="Tests\Feature\DeleteAttributeCommandTest" file="tests/Feature/DeleteAttributeCommandTest.php" tests="2" assertions="5" errors="0" failures="0" skipped="0" time="0.057570">
        <testcase name="the delete attribute command deletes an attribute" file="tests/Feature/DeleteAttributeCommandTest.php::the delete attribute command deletes an attribute" class="Tests\Feature\DeleteAttributeCommandTest" classname="Tests.Feature.DeleteAttributeCommandTest" assertions="3" time="0.033506"/>
        <testcase name="the delete attribute command handles non-existent attributes" file="tests/Feature/DeleteAttributeCommandTest.php::the delete attribute command handles non-existent attributes" class="Tests\Feature\DeleteAttributeCommandTest" classname="Tests.Feature.DeleteAttributeCommandTest" assertions="2" time="0.024064"/>
      </testsuite>
      <testsuite name="Tests\Feature\DeleteEntryCommandTest" file="tests/Feature/DeleteEntryCommandTest.php" tests="2" assertions="7" errors="0" failures="0" skipped="0" time="0.063007">
        <testcase name="the delete entry command deletes an entry and its associations" file="tests/Feature/DeleteEntryCommandTest.php::the delete entry command deletes an entry and its associations" class="Tests\Feature\DeleteEntryCommandTest" classname="Tests.Feature.DeleteEntryCommandTest" assertions="5" time="0.038862"/>
        <testcase name="the delete entry command handles non-existent entries" file="tests/Feature/DeleteEntryCommandTest.php::the delete entry command handles non-existent entries" class="Tests\Feature\DeleteEntryCommandTest" classname="Tests.Feature.DeleteEntryCommandTest" assertions="2" time="0.024145"/>
      </testsuite>
      <testsuite name="Tests\Feature\DeleteLanguageCommandTest" file="tests/Feature/DeleteLanguageCommandTest.php" tests="2" assertions="6" errors="0" failures="0" skipped="0" time="0.056690">
        <testcase name="the delete language command deletes a language and its entries" file="tests/Feature/DeleteLanguageCommandTest.php::the delete language command deletes a language and its entries" class="Tests\Feature\DeleteLanguageCommandTest" classname="Tests.Feature.DeleteLanguageCommandTest" assertions="4" time="0.033113"/>
        <testcase name="the delete language command handles non-existent languages" file="tests/Feature/DeleteLanguageCommandTest.php::the delete language command handles non-existent languages" class="Tests\Feature\DeleteLanguageCommandTest" classname="Tests.Feature.DeleteLanguageCommandTest" assertions="2" time="0.023577"/>
      </testsuite>
      <testsuite name="Tests\Feature\DeleteLinkCommandTest" file="tests/Feature/DeleteLinkCommandTest.php" tests="2" assertions="5" errors="0" failures="0" skipped="0" time="0.061263">
        <testcase name="the delete link command deletes a link" file="tests/Feature/DeleteLinkCommandTest.php::the delete link command deletes a link" class="Tests\Feature\DeleteLinkCommandTest" classname="Tests.Feature.DeleteLinkCommandTest" assertions="3" time="0.037882"/>
        <testcase name="the delete link command handles non-existent links" file="tests/Feature/DeleteLinkCommandTest.php::the delete link command handles non-existent links" class="Tests\Feature\DeleteLinkCommandTest" classname="Tests.Feature.DeleteLinkCommandTest" assertions="2" time="0.023381"/>
      </testsuite>
      <testsuite name="Tests\Feature\DeleteTokenCommandTest" file="tests/Feature/DeleteTokenCommandTest.php" tests="2" assertions="6" errors="0" failures="0" skipped="0" time="0.054906">
        <testcase name="the delete token command deletes a token and its entries" file="tests/Feature/DeleteTokenCommandTest.php::the delete token command deletes a token and its entries" class="Tests\Feature\DeleteTokenCommandTest" classname="Tests.Feature.DeleteTokenCommandTest" assertions="4" time="0.031880"/>
        <testcase name="the delete token command handles non-existent tokens" file="tests/Feature/DeleteTokenCommandTest.php::the delete token command handles non-existent tokens" class="Tests\Feature\DeleteTokenCommandTest" classname="Tests.Feature.DeleteTokenCommandTest" assertions="2" time="0.023026"/>
      </testsuite>
      <testsuite name="Tests\Feature\ExampleTest" file="Example (Tests\Feature\Example)" tests="1" assertions="1" errors="0" failures="0" skipped="0" time="0.046626">
        <testcase name="The application returns a successful response" file="Example (Tests\Feature\Example)::The application returns a successful response" class="Tests\Feature\ExampleTest" classname="Tests.Feature.ExampleTest" assertions="1" time="0.046626"/>
      </testsuite>
      <testsuite name="Tests\Feature\ExportOteFileCommandTest" file="tests/Feature/ExportOteFileCommandTest.php" tests="1" assertions="5" errors="0" failures="0" skipped="0" time="0.042785">
        <testcase name="the export ote file command exports data to a file" file="tests/Feature/ExportOteFileCommandTest.php::the export ote file command exports data to a file" class="Tests\Feature\ExportOteFileCommandTest" classname="Tests.Feature.ExportOteFileCommandTest" assertions="5" time="0.042785"/>
      </testsuite>
      <testsuite name="Tests\Feature\HomeControllerTest" file="Home Controller (Tests\Feature\HomeController)" tests="3" assertions="20" errors="0" failures="0" skipped="0" time="0.095513">
        <testcase name="The homepage loads correctly" file="Home Controller (Tests\Feature\HomeController)::The homepage loads correctly" class="Tests\Feature\HomeControllerTest" classname="Tests.Feature.HomeControllerTest" assertions="11" time="0.036952"/>
        <testcase name="The validation page loads correctly with no issues" file="Home Controller (Tests\Feature\HomeController)::The validation page loads correctly with no issues" class="Tests\Feature\HomeControllerTest" classname="Tests.Feature.HomeControllerTest" assertions="3" time="0.028240"/>
        <testcase name="The validation page shows issues" file="Home Controller (Tests\Feature\HomeController)::The validation page shows issues" class="Tests\Feature\HomeControllerTest" classname="Tests.Feature.HomeControllerTest" assertions="6" time="0.030321"/>
      </testsuite>
      <testsuite name="Tests\Feature\ImportOteFileCommandTest" file="tests/Feature/ImportOteFileCommandTest.php" tests="2" assertions="11" errors="0" failures="0" skipped="0" time="0.068361">
        <testcase name="the import ote file command imports data from a file" file="tests/Feature/ImportOteFileCommandTest.php::the import ote file command imports data from a file" class="Tests\Feature\ImportOteFileCommandTest" classname="Tests.Feature.ImportOteFileCommandTest" assertions="9" time="0.045884"/>
        <testcase name="the import ote file command handles missing file" file="tests/Feature/ImportOteFileCommandTest.php::the import ote file command handles missing file" class="Tests\Feature\ImportOteFileCommandTest" classname="Tests.Feature.ImportOteFileCommandTest" assertions="2" time="0.022476"/>
      </testsuite>
      <testsuite name="Tests\Feature\LanguageControllerTest" file="tests/Feature/LanguageControllerTest.php" tests="7" assertions="17" errors="0" failures="0" skipped="0" time="0.202872">
        <testcase name="it displays a list of languages" file="tests/Feature/LanguageControllerTest.php::it displays a list of languages" class="Tests\Feature\LanguageControllerTest" classname="Tests.Feature.LanguageControllerTest" assertions="2" time="0.032425"/>
        <testcase name="it displays the create language form" file="tests/Feature/LanguageControllerTest.php::it displays the create language form" class="Tests\Feature\LanguageControllerTest" classname="Tests.Feature.LanguageControllerTest" assertions="1" time="0.024671"/>
        <testcase name="it creates a new language" file="tests/Feature/LanguageControllerTest.php::it creates a new language" class="Tests\Feature\LanguageControllerTest" classname="Tests.Feature.LanguageControllerTest" assertions="3" time="0.030793"/>
        <testcase name="it displays the edit language form" file="tests/Feature/LanguageControllerTest.php::it displays the edit language form" class="Tests\Feature\LanguageControllerTest" classname="Tests.Feature.LanguageControllerTest" assertions="2" time="0.026523"/>
        <testcase name="it updates a language" file="tests/Feature/LanguageControllerTest.php::it updates a language" class="Tests\Feature\LanguageControllerTest" classname="Tests.Feature.LanguageControllerTest" assertions="3" time="0.027120"/>
        <testcase name="it deletes a language" file="tests/Feature/LanguageControllerTest.php::it deletes a language" class="Tests\Feature\LanguageControllerTest" classname="Tests.Feature.LanguageControllerTest" assertions="3" time="0.029031"/>
        <testcase name="it shows a language and its lexical entries" file="tests/Feature/LanguageControllerTest.php::it shows a language and its lexical entries" class="Tests\Feature\LanguageControllerTest" classname="Tests.Feature.LanguageControllerTest" assertions="3" time="0.032309"/>
      </testsuite>
      <testsuite name="Tests\Feature\LexiconControllerTest" file="tests/Feature/LexiconControllerTest.php" tests="17" assertions="40" errors="0" failures="0" skipped="0" time="0.555945">
        <testcase name="it displays a list of lexical entries" file="tests/Feature/LexiconControllerTest.php::it displays a list of lexical entries" class="Tests\Feature\LexiconControllerTest" classname="Tests.Feature.LexiconControllerTest" assertions="2" time="0.046006"/>
        <testcase name="it displays the create lexical entry form" file="tests/Feature/LexiconControllerTest.php::it displays the create lexical entry form" class="Tests\Feature\LexiconControllerTest" classname="Tests.Feature.LexiconControllerTest" assertions="1" time="0.026823"/>
        <testcase name="it stores a new lexical entry" file="tests/Feature/LexiconControllerTest.php::it stores a new lexical entry" class="Tests\Feature\LexiconControllerTest" classname="Tests.Feature.LexiconControllerTest" assertions="3" time="0.029592"/>
        <testcase name="it shows a lexical entry" file="tests/Feature/LexiconControllerTest.php::it shows a lexical entry" class="Tests\Feature\LexiconControllerTest" classname="Tests.Feature.LexiconControllerTest" assertions="2" time="0.034414"/>
        <testcase name="it displays the edit lexical entry form" file="tests/Feature/LexiconControllerTest.php::it displays the edit lexical entry form" class="Tests\Feature\LexiconControllerTest" classname="Tests.Feature.LexiconControllerTest" assertions="2" time="0.030877"/>
        <testcase name="it updates a lexical entry" file="tests/Feature/LexiconControllerTest.php::it updates a lexical entry" class="Tests\Feature\LexiconControllerTest" classname="Tests.Feature.LexiconControllerTest" assertions="3" time="0.032029"/>
        <testcase name="it deletes a lexical entry" file="tests/Feature/LexiconControllerTest.php::it deletes a lexical entry" class="Tests\Feature\LexiconControllerTest" classname="Tests.Feature.LexiconControllerTest" assertions="3" time="0.028602"/>
        <testcase name="it displays the create attribute form" file="tests/Feature/LexiconControllerTest.php::it displays the create attribute form" class="Tests\Feature\LexiconControllerTest" classname="Tests.Feature.LexiconControllerTest" assertions="1" time="0.029312"/>
        <testcase name="it stores a new attribute" file="tests/Feature/LexiconControllerTest.php::it stores a new attribute" class="Tests\Feature\LexiconControllerTest" classname="Tests.Feature.LexiconControllerTest" assertions="3" time="0.030305"/>
        <testcase name="it displays the edit attribute form" file="tests/Feature/LexiconControllerTest.php::it displays the edit attribute form" class="Tests\Feature\LexiconControllerTest" classname="Tests.Feature.LexiconControllerTest" assertions="2" time="0.031662"/>
        <testcase name="it updates an attribute" file="tests/Feature/LexiconControllerTest.php::it updates an attribute" class="Tests\Feature\LexiconControllerTest" classname="Tests.Feature.LexiconControllerTest" assertions="3" time="0.032439"/>
        <testcase name="it deletes an attribute" file="tests/Feature/LexiconControllerTest.php::it deletes an attribute" class="Tests\Feature\LexiconControllerTest" classname="Tests.Feature.LexiconControllerTest" assertions="3" time="0.031666"/>
        <testcase name="it displays the create link form" file="tests/Feature/LexiconControllerTest.php::it displays the create link form" class="Tests\Feature\LexiconControllerTest" classname="Tests.Feature.LexiconControllerTest" assertions="1" time="0.030405"/>
        <testcase name="it stores a new link" file="tests/Feature/LexiconControllerTest.php::it stores a new link" class="Tests\Feature\LexiconControllerTest" classname="Tests.Feature.LexiconControllerTest" assertions="3" time="0.033628"/>
        <testcase name="it displays the edit link form" file="tests/Feature/LexiconControllerTest.php::it displays the edit link form" class="Tests\Feature\LexiconControllerTest" classname="Tests.Feature.LexiconControllerTest" assertions="2" time="0.036232"/>
        <testcase name="it updates a link" file="tests/Feature/LexiconControllerTest.php::it updates a link" class="Tests\Feature\LexiconControllerTest" classname="Tests.Feature.LexiconControllerTest" assertions="3" time="0.038095"/>
        <testcase name="it deletes a link" file="tests/Feature/LexiconControllerTest.php::it deletes a link" class="Tests\Feature\LexiconControllerTest" classname="Tests.Feature.LexiconControllerTest" assertions="3" time="0.033858"/>
      </testsuite>
      <testsuite name="Tests\Feature\ListAttributesCommandTest" file="tests/Feature/ListAttributesCommandTest.php" tests="1" assertions="7" errors="0" failures="0" skipped="0" time="0.063956">
        <testcase name="the list attributes command shows a table of attributes" file="tests/Feature/ListAttributesCommandTest.php::the list attributes command shows a table of attributes" class="Tests\Feature\ListAttributesCommandTest" classname="Tests.Feature.ListAttributesCommandTest" assertions="7" time="0.063956"/>
      </testsuite>
      <testsuite name="Tests\Feature\ListEntriesCommandTest" file="tests/Feature/ListEntriesCommandTest.php" tests="1" assertions="7" errors="0" failures="0" skipped="0" time="0.038348">
        <testcase name="the list entries command shows a table of entries" file="tests/Feature/ListEntriesCommandTest.php::the list entries command shows a table of entries" class="Tests\Feature\ListEntriesCommandTest" classname="Tests.Feature.ListEntriesCommandTest" assertions="7" time="0.038348"/>
      </testsuite>
      <testsuite name="Tests\Feature\ListLanguagesCommandTest" file="tests/Feature/ListLanguagesCommandTest.php" tests="1" assertions="7" errors="0" failures="0" skipped="0" time="0.031436">
        <testcase name="the list languages command shows a table of languages" file="tests/Feature/ListLanguagesCommandTest.php::the list languages command shows a table of languages" class="Tests\Feature\ListLanguagesCommandTest" classname="Tests.Feature.ListLanguagesCommandTest" assertions="7" time="0.031436"/>
      </testsuite>
      <testsuite name="Tests\Feature\ListLinksCommandTest" file="tests/Feature/ListLinksCommandTest.php" tests="1" assertions="7" errors="0" failures="0" skipped="0" time="0.044676">
        <testcase name="the list links command shows a table of links" file="tests/Feature/ListLinksCommandTest.php::the list links command shows a table of links" class="Tests\Feature\ListLinksCommandTest" classname="Tests.Feature.ListLinksCommandTest" assertions="7" time="0.044676"/>
      </testsuite>
      <testsuite name="Tests\Feature\ListTokensCommandTest" file="tests/Feature/ListTokensCommandTest.php" tests="1" assertions="3" errors="0" failures="0" skipped="0" time="0.028795">
        <testcase name="the list tokens command shows a table of tokens" file="tests/Feature/ListTokensCommandTest.php::the list tokens command shows a table of tokens" class="Tests\Feature\ListTokensCommandTest" classname="Tests.Feature.ListTokensCommandTest" assertions="3" time="0.028795"/>
      </testsuite>
      <testsuite name="Tests\Feature\ShowEntryCommandTest" file="tests/Feature/ShowEntryCommandTest.php" tests="2" assertions="19" errors="0" failures="0" skipped="0" time="0.069904">
        <testcase name="the show entry command displays entry details" file="tests/Feature/ShowEntryCommandTest.php::the show entry command displays entry details" class="Tests\Feature\ShowEntryCommandTest" classname="Tests.Feature.ShowEntryCommandTest" assertions="17" time="0.046444"/>
        <testcase name="the show entry command handles non-existent entries" file="tests/Feature/ShowEntryCommandTest.php::the show entry command handles non-existent entries" class="Tests\Feature\ShowEntryCommandTest" classname="Tests.Feature.ShowEntryCommandTest" assertions="2" time="0.023460"/>
      </testsuite>
      <testsuite name="Tests\Feature\ShowLanguageCommandTest" file="tests/Feature/ShowLanguageCommandTest.php" tests="2" assertions="13" errors="0" failures="0" skipped="0" time="0.058482">
        <testcase name="the show language command displays language details" file="tests/Feature/ShowLanguageCommandTest.php::the show language command displays language details" class="Tests\Feature\ShowLanguageCommandTest" classname="Tests.Feature.ShowLanguageCommandTest" assertions="11" time="0.035228"/>
        <testcase name="the show language command handles non-existent languages" file="tests/Feature/ShowLanguageCommandTest.php::the show language command handles non-existent languages" class="Tests\Feature\ShowLanguageCommandTest" classname="Tests.Feature.ShowLanguageCommandTest" assertions="2" time="0.023254"/>
      </testsuite>
      <testsuite name="Tests\Feature\ShowTokenCommandTest" file="tests/Feature/ShowTokenCommandTest.php" tests="2" assertions="12" errors="0" failures="0" skipped="0" time="0.059584">
        <testcase name="the show token command displays token details" file="tests/Feature/ShowTokenCommandTest.php::the show token command displays token details" class="Tests\Feature\ShowTokenCommandTest" classname="Tests.Feature.ShowTokenCommandTest" assertions="10" time="0.036106"/>
        <testcase name="the show token command handles non-existent tokens" file="tests/Feature/ShowTokenCommandTest.php::the show token command handles non-existent tokens" class="Tests\Feature\ShowTokenCommandTest" classname="Tests.Feature.ShowTokenCommandTest" assertions="2" time="0.023478"/>
      </testsuite>
      <testsuite name="Tests\Feature\StatsCommandTest" file="tests/Feature/StatsCommandTest.php" tests="1" assertions="8" errors="0" failures="0" skipped="0" time="0.255603">
        <testcase name="the stats command displays lexicon statistics" file="tests/Feature/StatsCommandTest.php::the stats command displays lexicon statistics" class="Tests\Feature\StatsCommandTest" classname="Tests.Feature.StatsCommandTest" assertions="8" time="0.255603"/>
      </testsuite>
      <testsuite name="Tests\Feature\TokenControllerTest" file="tests/Feature/TokenControllerTest.php" tests="7" assertions="17" errors="0" failures="0" skipped="0" time="0.193118">
        <testcase name="it displays a list of tokens" file="tests/Feature/TokenControllerTest.php::it displays a list of tokens" class="Tests\Feature\TokenControllerTest" classname="Tests.Feature.TokenControllerTest" assertions="2" time="0.033889"/>
        <testcase name="it displays the create token form" file="tests/Feature/TokenControllerTest.php::it displays the create token form" class="Tests\Feature\TokenControllerTest" classname="Tests.Feature.TokenControllerTest" assertions="1" time="0.024034"/>
        <testcase name="it creates a new token" file="tests/Feature/TokenControllerTest.php::it creates a new token" class="Tests\Feature\TokenControllerTest" classname="Tests.Feature.TokenControllerTest" assertions="3" time="0.025163"/>
        <testcase name="it displays the edit token form" file="tests/Feature/TokenControllerTest.php::it displays the edit token form" class="Tests\Feature\TokenControllerTest" classname="Tests.Feature.TokenControllerTest" assertions="2" time="0.025923"/>
        <testcase name="it updates a token" file="tests/Feature/TokenControllerTest.php::it updates a token" class="Tests\Feature\TokenControllerTest" classname="Tests.Feature.TokenControllerTest" assertions="3" time="0.027020"/>
        <testcase name="it deletes a token" file="tests/Feature/TokenControllerTest.php::it deletes a token" class="Tests\Feature\TokenControllerTest" classname="Tests.Feature.TokenControllerTest" assertions="3" time="0.025808"/>
        <testcase name="it shows a token and its lexical entries" file="tests/Feature/TokenControllerTest.php::it shows a token and its lexical entries" class="Tests\Feature\TokenControllerTest" classname="Tests.Feature.TokenControllerTest" assertions="3" time="0.031281"/>
      </testsuite>
      <testsuite name="Tests\Feature\UpdateLanguageCommandTest" file="tests/Feature/UpdateLanguageCommandTest.php" tests="2" assertions="5" errors="0" failures="0" skipped="0" time="0.058035">
        <testcase name="the update language command updates a language" file="tests/Feature/UpdateLanguageCommandTest.php::the update language command updates a language" class="Tests\Feature\UpdateLanguageCommandTest" classname="Tests.Feature.UpdateLanguageCommandTest" assertions="3" time="0.034685"/>
        <testcase name="the update language command handles non-existent languages" file="tests/Feature/UpdateLanguageCommandTest.php::the update language command handles non-existent languages" class="Tests\Feature\UpdateLanguageCommandTest" classname="Tests.Feature.UpdateLanguageCommandTest" assertions="2" time="0.023350"/>
      </testsuite>
      <testsuite name="Tests\Feature\UpdateTokenCommandTest" file="tests/Feature/UpdateTokenCommandTest.php" tests="2" assertions="5" errors="0" failures="0" skipped="0" time="0.051050">
        <testcase name="the update token command updates a token" file="tests/Feature/UpdateTokenCommandTest.php::the update token command updates a token" class="Tests\Feature\UpdateTokenCommandTest" classname="Tests.Feature.UpdateTokenCommandTest" assertions="3" time="0.027634"/>
        <testcase name="the update token command handles non-existent tokens" file="tests/Feature/UpdateTokenCommandTest.php::the update token command handles non-existent tokens" class="Tests\Feature\UpdateTokenCommandTest" classname="Tests.Feature.UpdateTokenCommandTest" assertions="2" time="0.023417"/>
      </testsuite>
      <testsuite name="Tests\Feature\ValidateCommandTest" file="tests/Feature/ValidateCommandTest.php" tests="4" assertions="27" errors="0" failures="0" skipped="0" time="0.123344">
        <testcase name="the validate command finds no issues with clean data" file="tests/Feature/ValidateCommandTest.php::the validate command finds no issues with clean data" class="Tests\Feature\ValidateCommandTest" classname="Tests.Feature.ValidateCommandTest" assertions="3" time="0.029441"/>
        <testcase name="the validate command finds duplicate tokens" file="tests/Feature/ValidateCommandTest.php::the validate command finds duplicate tokens" class="Tests\Feature\ValidateCommandTest" classname="Tests.Feature.ValidateCommandTest" assertions="6" time="0.033835"/>
        <testcase name="the validate command finds unused tokens" file="tests/Feature/ValidateCommandTest.php::the validate command finds unused tokens" class="Tests\Feature\ValidateCommandTest" classname="Tests.Feature.ValidateCommandTest" assertions="9" time="0.030175"/>
        <testcase name="the validate command finds unused languages" file="tests/Feature/ValidateCommandTest.php::the validate command finds unused languages" class="Tests\Feature\ValidateCommandTest" classname="Tests.Feature.ValidateCommandTest" assertions="9" time="0.029893"/>
      </testsuite>
    </testsuite>
  </testsuite>
</testsuites>
