<?xml version="1.0" encoding="UTF-8"?>
<testsuites>
  <testsuite name="/home/runner/work/ote/ote/phpunit.xml" tests="62" assertions="137" errors="0" failures="0" skipped="0" time="1.935521">
    <testsuite name="Unit" tests="16" assertions="16" errors="0" failures="0" skipped="0" time="0.584520">
      <testsuite name="Tests\Unit\AttributeTest" file="tests/Unit/AttributeTest.php" tests="2" assertions="2" errors="0" failures="0" skipped="0" time="0.222181">
        <testcase name="an attribute can be created" file="tests/Unit/AttributeTest.php::an attribute can be created" class="Tests\Unit\AttributeTest" classname="Tests.Unit.AttributeTest" assertions="1" time="0.195584"/>
        <testcase name="an attribute belongs to a lexical entry" file="tests/Unit/AttributeTest.php::an attribute belongs to a lexical entry" class="Tests\Unit\AttributeTest" classname="Tests.Unit.AttributeTest" assertions="1" time="0.026598"/>
      </testsuite>
      <testsuite name="Tests\Unit\ExampleTest" file="Example (Tests\Unit\Example)" tests="1" assertions="1" errors="0" failures="0" skipped="0" time="0.003338">
        <testcase name="That true is true" file="Example (Tests\Unit\Example)::That true is true" class="Tests\Unit\ExampleTest" classname="Tests.Unit.ExampleTest" assertions="1" time="0.003338"/>
      </testsuite>
      <testsuite name="Tests\Unit\LanguageTest" file="tests/Unit/LanguageTest.php" tests="2" assertions="2" errors="0" failures="0" skipped="0" time="0.051290">
        <testcase name="a language can be created" file="tests/Unit/LanguageTest.php::a language can be created" class="Tests\Unit\LanguageTest" classname="Tests.Unit.LanguageTest" assertions="1" time="0.020966"/>
        <testcase name="a language has many lexical entries" file="tests/Unit/LanguageTest.php::a language has many lexical entries" class="Tests\Unit\LanguageTest" classname="Tests.Unit.LanguageTest" assertions="1" time="0.030324"/>
      </testsuite>
      <testsuite name="Tests\Unit\LexicalEntryTest" file="tests/Unit/LexicalEntryTest.php" tests="6" assertions="6" errors="0" failures="0" skipped="0" time="0.166078">
        <testcase name="a lexical entry can be created" file="tests/Unit/LexicalEntryTest.php::a lexical entry can be created" class="Tests\Unit\LexicalEntryTest" classname="Tests.Unit.LexicalEntryTest" assertions="1" time="0.024965"/>
        <testcase name="a lexical entry belongs to a token" file="tests/Unit/LexicalEntryTest.php::a lexical entry belongs to a token" class="Tests\Unit\LexicalEntryTest" classname="Tests.Unit.LexicalEntryTest" assertions="1" time="0.023011"/>
        <testcase name="a lexical entry belongs to a language" file="tests/Unit/LexicalEntryTest.php::a lexical entry belongs to a language" class="Tests\Unit\LexicalEntryTest" classname="Tests.Unit.LexicalEntryTest" assertions="1" time="0.023004"/>
        <testcase name="a lexical entry has many attributes" file="tests/Unit/LexicalEntryTest.php::a lexical entry has many attributes" class="Tests\Unit\LexicalEntryTest" classname="Tests.Unit.LexicalEntryTest" assertions="1" time="0.026748"/>
        <testcase name="a lexical entry has many links" file="tests/Unit/LexicalEntryTest.php::a lexical entry has many links" class="Tests\Unit\LexicalEntryTest" classname="Tests.Unit.LexicalEntryTest" assertions="1" time="0.031134"/>
        <testcase name="a lexical entry has many linked from" file="tests/Unit/LexicalEntryTest.php::a lexical entry has many linked from" class="Tests\Unit\LexicalEntryTest" classname="Tests.Unit.LexicalEntryTest" assertions="1" time="0.037215"/>
      </testsuite>
      <testsuite name="Tests\Unit\LinkTest" file="tests/Unit/LinkTest.php" tests="3" assertions="3" errors="0" failures="0" skipped="0" time="0.089444">
        <testcase name="a link can be created" file="tests/Unit/LinkTest.php::a link can be created" class="Tests\Unit\LinkTest" classname="Tests.Unit.LinkTest" assertions="1" time="0.033904"/>
        <testcase name="a link has a source entry" file="tests/Unit/LinkTest.php::a link has a source entry" class="Tests\Unit\LinkTest" classname="Tests.Unit.LinkTest" assertions="1" time="0.028125"/>
        <testcase name="a link has a target entry" file="tests/Unit/LinkTest.php::a link has a target entry" class="Tests\Unit\LinkTest" classname="Tests.Unit.LinkTest" assertions="1" time="0.027415"/>
      </testsuite>
      <testsuite name="Tests\Unit\TokenTest" file="tests/Unit/TokenTest.php" tests="2" assertions="2" errors="0" failures="0" skipped="0" time="0.052188">
        <testcase name="a token can be created" file="tests/Unit/TokenTest.php::a token can be created" class="Tests\Unit\TokenTest" classname="Tests.Unit.TokenTest" assertions="1" time="0.025799"/>
        <testcase name="a token has many lexical entries" file="tests/Unit/TokenTest.php::a token has many lexical entries" class="Tests\Unit\TokenTest" classname="Tests.Unit.TokenTest" assertions="1" time="0.026389"/>
      </testsuite>
    </testsuite>
    <testsuite name="Feature" tests="46" assertions="121" errors="0" failures="0" skipped="0" time="1.351001">
      <testsuite name="Tests\Feature\AddAttributeCommandTest" file="tests/Feature/AddAttributeCommandTest.php" tests="2" assertions="5" errors="0" failures="0" skipped="0" time="0.053892">
        <testcase name="the add attribute command creates a new attribute" file="tests/Feature/AddAttributeCommandTest.php::the add attribute command creates a new attribute" class="Tests\Feature\AddAttributeCommandTest" classname="Tests.Feature.AddAttributeCommandTest" assertions="3" time="0.032475"/>
        <testcase name="the add attribute command handles missing lexical entry" file="tests/Feature/AddAttributeCommandTest.php::the add attribute command handles missing lexical entry" class="Tests\Feature\AddAttributeCommandTest" classname="Tests.Feature.AddAttributeCommandTest" assertions="2" time="0.021417"/>
      </testsuite>
      <testsuite name="Tests\Feature\AddEntryCommandTest" file="tests/Feature/AddEntryCommandTest.php" tests="3" assertions="7" errors="0" failures="0" skipped="0" time="0.074973">
        <testcase name="the add entry command creates a new lexical entry" file="tests/Feature/AddEntryCommandTest.php::the add entry command creates a new lexical entry" class="Tests\Feature\AddEntryCommandTest" classname="Tests.Feature.AddEntryCommandTest" assertions="3" time="0.028816"/>
        <testcase name="the add entry command handles missing token" file="tests/Feature/AddEntryCommandTest.php::the add entry command handles missing token" class="Tests\Feature\AddEntryCommandTest" classname="Tests.Feature.AddEntryCommandTest" assertions="2" time="0.023116"/>
        <testcase name="the add entry command handles missing language" file="tests/Feature/AddEntryCommandTest.php::the add entry command handles missing language" class="Tests\Feature\AddEntryCommandTest" classname="Tests.Feature.AddEntryCommandTest" assertions="2" time="0.023042"/>
      </testsuite>
      <testsuite name="Tests\Feature\AddLanguageCommandTest" file="tests/Feature/AddLanguageCommandTest.php" tests="2" assertions="5" errors="0" failures="0" skipped="0" time="0.047610">
        <testcase name="the add language command creates a new language" file="tests/Feature/AddLanguageCommandTest.php::the add language command creates a new language" class="Tests\Feature\AddLanguageCommandTest" classname="Tests.Feature.AddLanguageCommandTest" assertions="3" time="0.025353"/>
        <testcase name="the add language command handles existing languages" file="tests/Feature/AddLanguageCommandTest.php::the add language command handles existing languages" class="Tests\Feature\AddLanguageCommandTest" classname="Tests.Feature.AddLanguageCommandTest" assertions="2" time="0.022257"/>
      </testsuite>
      <testsuite name="Tests\Feature\AddLinkCommandTest" file="tests/Feature/AddLinkCommandTest.php" tests="3" assertions="7" errors="0" failures="0" skipped="0" time="0.083676">
        <testcase name="the add link command creates a new link" file="tests/Feature/AddLinkCommandTest.php::the add link command creates a new link" class="Tests\Feature\AddLinkCommandTest" classname="Tests.Feature.AddLinkCommandTest" assertions="3" time="0.032813"/>
        <testcase name="the add link command handles missing source entry" file="tests/Feature/AddLinkCommandTest.php::the add link command handles missing source entry" class="Tests\Feature\AddLinkCommandTest" classname="Tests.Feature.AddLinkCommandTest" assertions="2" time="0.025487"/>
        <testcase name="the add link command handles missing target entry" file="tests/Feature/AddLinkCommandTest.php::the add link command handles missing target entry" class="Tests\Feature\AddLinkCommandTest" classname="Tests.Feature.AddLinkCommandTest" assertions="2" time="0.025376"/>
      </testsuite>
      <testsuite name="Tests\Feature\AddTokenCommandTest" file="tests/Feature/AddTokenCommandTest.php" tests="2" assertions="5" errors="0" failures="0" skipped="0" time="0.047305">
        <testcase name="the add token command creates a new token" file="tests/Feature/AddTokenCommandTest.php::the add token command creates a new token" class="Tests\Feature\AddTokenCommandTest" classname="Tests.Feature.AddTokenCommandTest" assertions="3" time="0.025506"/>
        <testcase name="the add token command handles existing tokens" file="tests/Feature/AddTokenCommandTest.php::the add token command handles existing tokens" class="Tests\Feature\AddTokenCommandTest" classname="Tests.Feature.AddTokenCommandTest" assertions="2" time="0.021799"/>
      </testsuite>
      <testsuite name="Tests\Feature\ExampleTest" file="Example (Tests\Feature\Example)" tests="1" assertions="1" errors="0" failures="0" skipped="0" time="0.036650">
        <testcase name="The application returns a successful response" file="Example (Tests\Feature\Example)::The application returns a successful response" class="Tests\Feature\ExampleTest" classname="Tests.Feature.ExampleTest" assertions="1" time="0.036650"/>
      </testsuite>
      <testsuite name="Tests\Feature\ExportOteFileCommandTest" file="tests/Feature/ExportOteFileCommandTest.php" tests="1" assertions="5" errors="0" failures="0" skipped="0" time="0.039119">
        <testcase name="the export ote file command exports data to a file" file="tests/Feature/ExportOteFileCommandTest.php::the export ote file command exports data to a file" class="Tests\Feature\ExportOteFileCommandTest" classname="Tests.Feature.ExportOteFileCommandTest" assertions="5" time="0.039119"/>
      </testsuite>
      <testsuite name="Tests\Feature\ImportOteFileCommandTest" file="tests/Feature/ImportOteFileCommandTest.php" tests="2" assertions="11" errors="0" failures="0" skipped="0" time="0.065732">
        <testcase name="the import ote file command imports data from a file" file="tests/Feature/ImportOteFileCommandTest.php::the import ote file command imports data from a file" class="Tests\Feature\ImportOteFileCommandTest" classname="Tests.Feature.ImportOteFileCommandTest" assertions="9" time="0.045211"/>
        <testcase name="the import ote file command handles missing file" file="tests/Feature/ImportOteFileCommandTest.php::the import ote file command handles missing file" class="Tests\Feature\ImportOteFileCommandTest" classname="Tests.Feature.ImportOteFileCommandTest" assertions="2" time="0.020522"/>
      </testsuite>
      <testsuite name="Tests\Feature\LanguageControllerTest" file="tests/Feature/LanguageControllerTest.php" tests="6" assertions="14" errors="0" failures="0" skipped="0" time="0.160769">
        <testcase name="it displays a list of languages" file="tests/Feature/LanguageControllerTest.php::it displays a list of languages" class="Tests\Feature\LanguageControllerTest" classname="Tests.Feature.LanguageControllerTest" assertions="2" time="0.033144"/>
        <testcase name="it displays the create language form" file="tests/Feature/LanguageControllerTest.php::it displays the create language form" class="Tests\Feature\LanguageControllerTest" classname="Tests.Feature.LanguageControllerTest" assertions="1" time="0.022664"/>
        <testcase name="it creates a new language" file="tests/Feature/LanguageControllerTest.php::it creates a new language" class="Tests\Feature\LanguageControllerTest" classname="Tests.Feature.LanguageControllerTest" assertions="3" time="0.029039"/>
        <testcase name="it displays the edit language form" file="tests/Feature/LanguageControllerTest.php::it displays the edit language form" class="Tests\Feature\LanguageControllerTest" classname="Tests.Feature.LanguageControllerTest" assertions="2" time="0.024872"/>
        <testcase name="it updates a language" file="tests/Feature/LanguageControllerTest.php::it updates a language" class="Tests\Feature\LanguageControllerTest" classname="Tests.Feature.LanguageControllerTest" assertions="3" time="0.026107"/>
        <testcase name="it deletes a language" file="tests/Feature/LanguageControllerTest.php::it deletes a language" class="Tests\Feature\LanguageControllerTest" classname="Tests.Feature.LanguageControllerTest" assertions="3" time="0.024942"/>
      </testsuite>
      <testsuite name="Tests\Feature\LexiconControllerTest" file="tests/Feature/LexiconControllerTest.php" tests="17" assertions="40" errors="0" failures="0" skipped="0" time="0.535034">
        <testcase name="it displays a list of lexical entries" file="tests/Feature/LexiconControllerTest.php::it displays a list of lexical entries" class="Tests\Feature\LexiconControllerTest" classname="Tests.Feature.LexiconControllerTest" assertions="2" time="0.042373"/>
        <testcase name="it displays the create lexical entry form" file="tests/Feature/LexiconControllerTest.php::it displays the create lexical entry form" class="Tests\Feature\LexiconControllerTest" classname="Tests.Feature.LexiconControllerTest" assertions="1" time="0.024473"/>
        <testcase name="it stores a new lexical entry" file="tests/Feature/LexiconControllerTest.php::it stores a new lexical entry" class="Tests\Feature\LexiconControllerTest" classname="Tests.Feature.LexiconControllerTest" assertions="3" time="0.027556"/>
        <testcase name="it shows a lexical entry" file="tests/Feature/LexiconControllerTest.php::it shows a lexical entry" class="Tests\Feature\LexiconControllerTest" classname="Tests.Feature.LexiconControllerTest" assertions="2" time="0.032193"/>
        <testcase name="it displays the edit lexical entry form" file="tests/Feature/LexiconControllerTest.php::it displays the edit lexical entry form" class="Tests\Feature\LexiconControllerTest" classname="Tests.Feature.LexiconControllerTest" assertions="2" time="0.029157"/>
        <testcase name="it updates a lexical entry" file="tests/Feature/LexiconControllerTest.php::it updates a lexical entry" class="Tests\Feature\LexiconControllerTest" classname="Tests.Feature.LexiconControllerTest" assertions="3" time="0.031049"/>
        <testcase name="it deletes a lexical entry" file="tests/Feature/LexiconControllerTest.php::it deletes a lexical entry" class="Tests\Feature\LexiconControllerTest" classname="Tests.Feature.LexiconControllerTest" assertions="3" time="0.028046"/>
        <testcase name="it displays the create attribute form" file="tests/Feature/LexiconControllerTest.php::it displays the create attribute form" class="Tests\Feature\LexiconControllerTest" classname="Tests.Feature.LexiconControllerTest" assertions="1" time="0.028691"/>
        <testcase name="it stores a new attribute" file="tests/Feature/LexiconControllerTest.php::it stores a new attribute" class="Tests\Feature\LexiconControllerTest" classname="Tests.Feature.LexiconControllerTest" assertions="3" time="0.029803"/>
        <testcase name="it displays the edit attribute form" file="tests/Feature/LexiconControllerTest.php::it displays the edit attribute form" class="Tests\Feature\LexiconControllerTest" classname="Tests.Feature.LexiconControllerTest" assertions="2" time="0.030696"/>
        <testcase name="it updates an attribute" file="tests/Feature/LexiconControllerTest.php::it updates an attribute" class="Tests\Feature\LexiconControllerTest" classname="Tests.Feature.LexiconControllerTest" assertions="3" time="0.031432"/>
        <testcase name="it deletes an attribute" file="tests/Feature/LexiconControllerTest.php::it deletes an attribute" class="Tests\Feature\LexiconControllerTest" classname="Tests.Feature.LexiconControllerTest" assertions="3" time="0.030458"/>
        <testcase name="it displays the create link form" file="tests/Feature/LexiconControllerTest.php::it displays the create link form" class="Tests\Feature\LexiconControllerTest" classname="Tests.Feature.LexiconControllerTest" assertions="1" time="0.028812"/>
        <testcase name="it stores a new link" file="tests/Feature/LexiconControllerTest.php::it stores a new link" class="Tests\Feature\LexiconControllerTest" classname="Tests.Feature.LexiconControllerTest" assertions="3" time="0.036076"/>
        <testcase name="it displays the edit link form" file="tests/Feature/LexiconControllerTest.php::it displays the edit link form" class="Tests\Feature\LexiconControllerTest" classname="Tests.Feature.LexiconControllerTest" assertions="2" time="0.034828"/>
        <testcase name="it updates a link" file="tests/Feature/LexiconControllerTest.php::it updates a link" class="Tests\Feature\LexiconControllerTest" classname="Tests.Feature.LexiconControllerTest" assertions="3" time="0.036654"/>
        <testcase name="it deletes a link" file="tests/Feature/LexiconControllerTest.php::it deletes a link" class="Tests\Feature\LexiconControllerTest" classname="Tests.Feature.LexiconControllerTest" assertions="3" time="0.032739"/>
      </testsuite>
      <testsuite name="Tests\Feature\ListEntriesCommandTest" file="tests/Feature/ListEntriesCommandTest.php" tests="1" assertions="7" errors="0" failures="0" skipped="0" time="0.055510">
        <testcase name="the list entries command shows a table of entries" file="tests/Feature/ListEntriesCommandTest.php::the list entries command shows a table of entries" class="Tests\Feature\ListEntriesCommandTest" classname="Tests.Feature.ListEntriesCommandTest" assertions="7" time="0.055510"/>
      </testsuite>
      <testsuite name="Tests\Feature\TokenControllerTest" file="tests/Feature/TokenControllerTest.php" tests="6" assertions="14" errors="0" failures="0" skipped="0" time="0.150729">
        <testcase name="it displays a list of tokens" file="tests/Feature/TokenControllerTest.php::it displays a list of tokens" class="Tests\Feature\TokenControllerTest" classname="Tests.Feature.TokenControllerTest" assertions="2" time="0.028722"/>
        <testcase name="it displays the create token form" file="tests/Feature/TokenControllerTest.php::it displays the create token form" class="Tests\Feature\TokenControllerTest" classname="Tests.Feature.TokenControllerTest" assertions="1" time="0.022563"/>
        <testcase name="it creates a new token" file="tests/Feature/TokenControllerTest.php::it creates a new token" class="Tests\Feature\TokenControllerTest" classname="Tests.Feature.TokenControllerTest" assertions="3" time="0.024229"/>
        <testcase name="it displays the edit token form" file="tests/Feature/TokenControllerTest.php::it displays the edit token form" class="Tests\Feature\TokenControllerTest" classname="Tests.Feature.TokenControllerTest" assertions="2" time="0.024771"/>
        <testcase name="it updates a token" file="tests/Feature/TokenControllerTest.php::it updates a token" class="Tests\Feature\TokenControllerTest" classname="Tests.Feature.TokenControllerTest" assertions="3" time="0.025783"/>
        <testcase name="it deletes a token" file="tests/Feature/TokenControllerTest.php::it deletes a token" class="Tests\Feature\TokenControllerTest" classname="Tests.Feature.TokenControllerTest" assertions="3" time="0.024662"/>
      </testsuite>
    </testsuite>
  </testsuite>
</testsuites>
