<?xml version="1.0" encoding="UTF-8"?>
<testsuites>
  <testsuite name="/home/runner/work/ote/ote/phpunit.xml" tests="96" assertions="305" errors="0" failures="0" skipped="0" time="3.361660">
    <testsuite name="Unit" tests="16" assertions="16" errors="0" failures="0" skipped="0" time="0.606530">
      <testsuite name="Tests\Unit\AttributeTest" file="tests/Unit/AttributeTest.php" tests="2" assertions="2" errors="0" failures="0" skipped="0" time="0.232936">
        <testcase name="an attribute can be created" file="tests/Unit/AttributeTest.php::an attribute can be created" class="Tests\Unit\AttributeTest" classname="Tests.Unit.AttributeTest" assertions="1" time="0.203979"/>
        <testcase name="an attribute belongs to a lexical entry" file="tests/Unit/AttributeTest.php::an attribute belongs to a lexical entry" class="Tests\Unit\AttributeTest" classname="Tests.Unit.AttributeTest" assertions="1" time="0.028957"/>
      </testsuite>
      <testsuite name="Tests\Unit\ExampleTest" file="Example (Tests\Unit\Example)" tests="1" assertions="1" errors="0" failures="0" skipped="0" time="0.003456">
        <testcase name="That true is true" file="Example (Tests\Unit\Example)::That true is true" class="Tests\Unit\ExampleTest" classname="Tests.Unit.ExampleTest" assertions="1" time="0.003456"/>
      </testsuite>
      <testsuite name="Tests\Unit\LanguageTest" file="tests/Unit/LanguageTest.php" tests="2" assertions="2" errors="0" failures="0" skipped="0" time="0.054318">
        <testcase name="a language can be created" file="tests/Unit/LanguageTest.php::a language can be created" class="Tests\Unit\LanguageTest" classname="Tests.Unit.LanguageTest" assertions="1" time="0.022303"/>
        <testcase name="a language has many lexical entries" file="tests/Unit/LanguageTest.php::a language has many lexical entries" class="Tests\Unit\LanguageTest" classname="Tests.Unit.LanguageTest" assertions="1" time="0.032015"/>
      </testsuite>
      <testsuite name="Tests\Unit\LexicalEntryTest" file="tests/Unit/LexicalEntryTest.php" tests="6" assertions="6" errors="0" failures="0" skipped="0" time="0.172613">
        <testcase name="a lexical entry can be created" file="tests/Unit/LexicalEntryTest.php::a lexical entry can be created" class="Tests\Unit\LexicalEntryTest" classname="Tests.Unit.LexicalEntryTest" assertions="1" time="0.026246"/>
        <testcase name="a lexical entry belongs to a token" file="tests/Unit/LexicalEntryTest.php::a lexical entry belongs to a token" class="Tests\Unit\LexicalEntryTest" classname="Tests.Unit.LexicalEntryTest" assertions="1" time="0.024139"/>
        <testcase name="a lexical entry belongs to a language" file="tests/Unit/LexicalEntryTest.php::a lexical entry belongs to a language" class="Tests\Unit\LexicalEntryTest" classname="Tests.Unit.LexicalEntryTest" assertions="1" time="0.024208"/>
        <testcase name="a lexical entry has many attributes" file="tests/Unit/LexicalEntryTest.php::a lexical entry has many attributes" class="Tests\Unit\LexicalEntryTest" classname="Tests.Unit.LexicalEntryTest" assertions="1" time="0.027716"/>
        <testcase name="a lexical entry has many links" file="tests/Unit/LexicalEntryTest.php::a lexical entry has many links" class="Tests\Unit\LexicalEntryTest" classname="Tests.Unit.LexicalEntryTest" assertions="1" time="0.032027"/>
        <testcase name="a lexical entry has many linked from" file="tests/Unit/LexicalEntryTest.php::a lexical entry has many linked from" class="Tests\Unit\LexicalEntryTest" classname="Tests.Unit.LexicalEntryTest" assertions="1" time="0.038278"/>
      </testsuite>
      <testsuite name="Tests\Unit\LinkTest" file="tests/Unit/LinkTest.php" tests="3" assertions="3" errors="0" failures="0" skipped="0" time="0.091192">
        <testcase name="a link can be created" file="tests/Unit/LinkTest.php::a link can be created" class="Tests\Unit\LinkTest" classname="Tests.Unit.LinkTest" assertions="1" time="0.034790"/>
        <testcase name="a link has a source entry" file="tests/Unit/LinkTest.php::a link has a source entry" class="Tests\Unit\LinkTest" classname="Tests.Unit.LinkTest" assertions="1" time="0.028186"/>
        <testcase name="a link has a target entry" file="tests/Unit/LinkTest.php::a link has a target entry" class="Tests\Unit\LinkTest" classname="Tests.Unit.LinkTest" assertions="1" time="0.028216"/>
      </testsuite>
      <testsuite name="Tests\Unit\TokenTest" file="tests/Unit/TokenTest.php" tests="2" assertions="2" errors="0" failures="0" skipped="0" time="0.052015">
        <testcase name="a token can be created" file="tests/Unit/TokenTest.php::a token can be created" class="Tests\Unit\TokenTest" classname="Tests.Unit.TokenTest" assertions="1" time="0.024411"/>
        <testcase name="a token has many lexical entries" file="tests/Unit/TokenTest.php::a token has many lexical entries" class="Tests\Unit\TokenTest" classname="Tests.Unit.TokenTest" assertions="1" time="0.027604"/>
      </testsuite>
    </testsuite>
    <testsuite name="Feature" tests="80" assertions="289" errors="0" failures="0" skipped="0" time="2.755130">
      <testsuite name="Tests\Feature\AddAttributeCommandTest" file="tests/Feature/AddAttributeCommandTest.php" tests="2" assertions="5" errors="0" failures="0" skipped="0" time="0.057416">
        <testcase name="the add attribute command creates a new attribute" file="tests/Feature/AddAttributeCommandTest.php::the add attribute command creates a new attribute" class="Tests\Feature\AddAttributeCommandTest" classname="Tests.Feature.AddAttributeCommandTest" assertions="3" time="0.033754"/>
        <testcase name="the add attribute command handles missing lexical entry" file="tests/Feature/AddAttributeCommandTest.php::the add attribute command handles missing lexical entry" class="Tests\Feature\AddAttributeCommandTest" classname="Tests.Feature.AddAttributeCommandTest" assertions="2" time="0.023663"/>
      </testsuite>
      <testsuite name="Tests\Feature\AddEntryCommandTest" file="tests/Feature/AddEntryCommandTest.php" tests="3" assertions="7" errors="0" failures="0" skipped="0" time="0.085194">
        <testcase name="the add entry command creates a new lexical entry" file="tests/Feature/AddEntryCommandTest.php::the add entry command creates a new lexical entry" class="Tests\Feature\AddEntryCommandTest" classname="Tests.Feature.AddEntryCommandTest" assertions="3" time="0.031281"/>
        <testcase name="the add entry command handles missing token" file="tests/Feature/AddEntryCommandTest.php::the add entry command handles missing token" class="Tests\Feature\AddEntryCommandTest" classname="Tests.Feature.AddEntryCommandTest" assertions="2" time="0.025761"/>
        <testcase name="the add entry command handles missing language" file="tests/Feature/AddEntryCommandTest.php::the add entry command handles missing language" class="Tests\Feature\AddEntryCommandTest" classname="Tests.Feature.AddEntryCommandTest" assertions="2" time="0.028151"/>
      </testsuite>
      <testsuite name="Tests\Feature\AddLanguageCommandTest" file="tests/Feature/AddLanguageCommandTest.php" tests="2" assertions="5" errors="0" failures="0" skipped="0" time="0.053725">
        <testcase name="the add language command creates a new language" file="tests/Feature/AddLanguageCommandTest.php::the add language command creates a new language" class="Tests\Feature\AddLanguageCommandTest" classname="Tests.Feature.AddLanguageCommandTest" assertions="3" time="0.029033"/>
        <testcase name="the add language command handles existing languages" file="tests/Feature/AddLanguageCommandTest.php::the add language command handles existing languages" class="Tests\Feature\AddLanguageCommandTest" classname="Tests.Feature.AddLanguageCommandTest" assertions="2" time="0.024692"/>
      </testsuite>
      <testsuite name="Tests\Feature\AddLinkCommandTest" file="tests/Feature/AddLinkCommandTest.php" tests="3" assertions="7" errors="0" failures="0" skipped="0" time="0.090660">
        <testcase name="the add link command creates a new link" file="tests/Feature/AddLinkCommandTest.php::the add link command creates a new link" class="Tests\Feature\AddLinkCommandTest" classname="Tests.Feature.AddLinkCommandTest" assertions="3" time="0.035007"/>
        <testcase name="the add link command handles missing source entry" file="tests/Feature/AddLinkCommandTest.php::the add link command handles missing source entry" class="Tests\Feature\AddLinkCommandTest" classname="Tests.Feature.AddLinkCommandTest" assertions="2" time="0.027906"/>
        <testcase name="the add link command handles missing target entry" file="tests/Feature/AddLinkCommandTest.php::the add link command handles missing target entry" class="Tests\Feature\AddLinkCommandTest" classname="Tests.Feature.AddLinkCommandTest" assertions="2" time="0.027747"/>
      </testsuite>
      <testsuite name="Tests\Feature\AddTokenCommandTest" file="tests/Feature/AddTokenCommandTest.php" tests="2" assertions="5" errors="0" failures="0" skipped="0" time="0.051871">
        <testcase name="the add token command creates a new token" file="tests/Feature/AddTokenCommandTest.php::the add token command creates a new token" class="Tests\Feature\AddTokenCommandTest" classname="Tests.Feature.AddTokenCommandTest" assertions="3" time="0.027673"/>
        <testcase name="the add token command handles existing tokens" file="tests/Feature/AddTokenCommandTest.php::the add token command handles existing tokens" class="Tests\Feature\AddTokenCommandTest" classname="Tests.Feature.AddTokenCommandTest" assertions="2" time="0.024198"/>
      </testsuite>
      <testsuite name="Tests\Feature\DeleteAttributeCommandTest" file="tests/Feature/DeleteAttributeCommandTest.php" tests="2" assertions="5" errors="0" failures="0" skipped="0" time="0.055868">
        <testcase name="the delete attribute command deletes an attribute" file="tests/Feature/DeleteAttributeCommandTest.php::the delete attribute command deletes an attribute" class="Tests\Feature\DeleteAttributeCommandTest" classname="Tests.Feature.DeleteAttributeCommandTest" assertions="3" time="0.032468"/>
        <testcase name="the delete attribute command handles non-existent attributes" file="tests/Feature/DeleteAttributeCommandTest.php::the delete attribute command handles non-existent attributes" class="Tests\Feature\DeleteAttributeCommandTest" classname="Tests.Feature.DeleteAttributeCommandTest" assertions="2" time="0.023399"/>
      </testsuite>
      <testsuite name="Tests\Feature\DeleteEntryCommandTest" file="tests/Feature/DeleteEntryCommandTest.php" tests="2" assertions="7" errors="0" failures="0" skipped="0" time="0.061543">
        <testcase name="the delete entry command deletes an entry and its associations" file="tests/Feature/DeleteEntryCommandTest.php::the delete entry command deletes an entry and its associations" class="Tests\Feature\DeleteEntryCommandTest" classname="Tests.Feature.DeleteEntryCommandTest" assertions="5" time="0.037701"/>
        <testcase name="the delete entry command handles non-existent entries" file="tests/Feature/DeleteEntryCommandTest.php::the delete entry command handles non-existent entries" class="Tests\Feature\DeleteEntryCommandTest" classname="Tests.Feature.DeleteEntryCommandTest" assertions="2" time="0.023843"/>
      </testsuite>
      <testsuite name="Tests\Feature\DeleteLanguageCommandTest" file="tests/Feature/DeleteLanguageCommandTest.php" tests="2" assertions="6" errors="0" failures="0" skipped="0" time="0.055321">
        <testcase name="the delete language command deletes a language and its entries" file="tests/Feature/DeleteLanguageCommandTest.php::the delete language command deletes a language and its entries" class="Tests\Feature\DeleteLanguageCommandTest" classname="Tests.Feature.DeleteLanguageCommandTest" assertions="4" time="0.031969"/>
        <testcase name="the delete language command handles non-existent languages" file="tests/Feature/DeleteLanguageCommandTest.php::the delete language command handles non-existent languages" class="Tests\Feature\DeleteLanguageCommandTest" classname="Tests.Feature.DeleteLanguageCommandTest" assertions="2" time="0.023352"/>
      </testsuite>
      <testsuite name="Tests\Feature\DeleteLinkCommandTest" file="tests/Feature/DeleteLinkCommandTest.php" tests="2" assertions="5" errors="0" failures="0" skipped="0" time="0.061741">
        <testcase name="the delete link command deletes a link" file="tests/Feature/DeleteLinkCommandTest.php::the delete link command deletes a link" class="Tests\Feature\DeleteLinkCommandTest" classname="Tests.Feature.DeleteLinkCommandTest" assertions="3" time="0.038101"/>
        <testcase name="the delete link command handles non-existent links" file="tests/Feature/DeleteLinkCommandTest.php::the delete link command handles non-existent links" class="Tests\Feature\DeleteLinkCommandTest" classname="Tests.Feature.DeleteLinkCommandTest" assertions="2" time="0.023639"/>
      </testsuite>
      <testsuite name="Tests\Feature\DeleteTokenCommandTest" file="tests/Feature/DeleteTokenCommandTest.php" tests="2" assertions="6" errors="0" failures="0" skipped="0" time="0.056283">
        <testcase name="the delete token command deletes a token and its entries" file="tests/Feature/DeleteTokenCommandTest.php::the delete token command deletes a token and its entries" class="Tests\Feature\DeleteTokenCommandTest" classname="Tests.Feature.DeleteTokenCommandTest" assertions="4" time="0.032839"/>
        <testcase name="the delete token command handles non-existent tokens" file="tests/Feature/DeleteTokenCommandTest.php::the delete token command handles non-existent tokens" class="Tests\Feature\DeleteTokenCommandTest" classname="Tests.Feature.DeleteTokenCommandTest" assertions="2" time="0.023444"/>
      </testsuite>
      <testsuite name="Tests\Feature\ExampleTest" file="Example (Tests\Feature\Example)" tests="1" assertions="1" errors="0" failures="0" skipped="0" time="0.047432">
        <testcase name="The application returns a successful response" file="Example (Tests\Feature\Example)::The application returns a successful response" class="Tests\Feature\ExampleTest" classname="Tests.Feature.ExampleTest" assertions="1" time="0.047432"/>
      </testsuite>
      <testsuite name="Tests\Feature\ExportOteFileCommandTest" file="tests/Feature/ExportOteFileCommandTest.php" tests="1" assertions="5" errors="0" failures="0" skipped="0" time="0.042052">
        <testcase name="the export ote file command exports data to a file" file="tests/Feature/ExportOteFileCommandTest.php::the export ote file command exports data to a file" class="Tests\Feature\ExportOteFileCommandTest" classname="Tests.Feature.ExportOteFileCommandTest" assertions="5" time="0.042052"/>
      </testsuite>
      <testsuite name="Tests\Feature\HomeControllerTest" file="Home Controller (Tests\Feature\HomeController)" tests="3" assertions="20" errors="0" failures="0" skipped="0" time="0.097709">
        <testcase name="The homepage loads correctly" file="Home Controller (Tests\Feature\HomeController)::The homepage loads correctly" class="Tests\Feature\HomeControllerTest" classname="Tests.Feature.HomeControllerTest" assertions="11" time="0.036914"/>
        <testcase name="The validation page loads correctly with no issues" file="Home Controller (Tests\Feature\HomeController)::The validation page loads correctly with no issues" class="Tests\Feature\HomeControllerTest" classname="Tests.Feature.HomeControllerTest" assertions="3" time="0.029133"/>
        <testcase name="The validation page shows issues" file="Home Controller (Tests\Feature\HomeController)::The validation page shows issues" class="Tests\Feature\HomeControllerTest" classname="Tests.Feature.HomeControllerTest" assertions="6" time="0.031661"/>
      </testsuite>
      <testsuite name="Tests\Feature\ImportOteFileCommandTest" file="tests/Feature/ImportOteFileCommandTest.php" tests="2" assertions="11" errors="0" failures="0" skipped="0" time="0.072035">
        <testcase name="the import ote file command imports data from a file" file="tests/Feature/ImportOteFileCommandTest.php::the import ote file command imports data from a file" class="Tests\Feature\ImportOteFileCommandTest" classname="Tests.Feature.ImportOteFileCommandTest" assertions="9" time="0.047805"/>
        <testcase name="the import ote file command handles missing file" file="tests/Feature/ImportOteFileCommandTest.php::the import ote file command handles missing file" class="Tests\Feature\ImportOteFileCommandTest" classname="Tests.Feature.ImportOteFileCommandTest" assertions="2" time="0.024229"/>
      </testsuite>
      <testsuite name="Tests\Feature\LanguageControllerTest" file="tests/Feature/LanguageControllerTest.php" tests="7" assertions="17" errors="0" failures="0" skipped="0" time="0.210681">
        <testcase name="it displays a list of languages" file="tests/Feature/LanguageControllerTest.php::it displays a list of languages" class="Tests\Feature\LanguageControllerTest" classname="Tests.Feature.LanguageControllerTest" assertions="2" time="0.034967"/>
        <testcase name="it displays the create language form" file="tests/Feature/LanguageControllerTest.php::it displays the create language form" class="Tests\Feature\LanguageControllerTest" classname="Tests.Feature.LanguageControllerTest" assertions="1" time="0.025290"/>
        <testcase name="it creates a new language" file="tests/Feature/LanguageControllerTest.php::it creates a new language" class="Tests\Feature\LanguageControllerTest" classname="Tests.Feature.LanguageControllerTest" assertions="3" time="0.031038"/>
        <testcase name="it displays the edit language form" file="tests/Feature/LanguageControllerTest.php::it displays the edit language form" class="Tests\Feature\LanguageControllerTest" classname="Tests.Feature.LanguageControllerTest" assertions="2" time="0.027073"/>
        <testcase name="it updates a language" file="tests/Feature/LanguageControllerTest.php::it updates a language" class="Tests\Feature\LanguageControllerTest" classname="Tests.Feature.LanguageControllerTest" assertions="3" time="0.027708"/>
        <testcase name="it deletes a language" file="tests/Feature/LanguageControllerTest.php::it deletes a language" class="Tests\Feature\LanguageControllerTest" classname="Tests.Feature.LanguageControllerTest" assertions="3" time="0.031679"/>
        <testcase name="it shows a language and its lexical entries" file="tests/Feature/LanguageControllerTest.php::it shows a language and its lexical entries" class="Tests\Feature\LanguageControllerTest" classname="Tests.Feature.LanguageControllerTest" assertions="3" time="0.032926"/>
      </testsuite>
      <testsuite name="Tests\Feature\LexiconControllerTest" file="tests/Feature/LexiconControllerTest.php" tests="17" assertions="40" errors="0" failures="0" skipped="0" time="0.559260">
        <testcase name="it displays a list of lexical entries" file="tests/Feature/LexiconControllerTest.php::it displays a list of lexical entries" class="Tests\Feature\LexiconControllerTest" classname="Tests.Feature.LexiconControllerTest" assertions="2" time="0.046056"/>
        <testcase name="it displays the create lexical entry form" file="tests/Feature/LexiconControllerTest.php::it displays the create lexical entry form" class="Tests\Feature\LexiconControllerTest" classname="Tests.Feature.LexiconControllerTest" assertions="1" time="0.026771"/>
        <testcase name="it stores a new lexical entry" file="tests/Feature/LexiconControllerTest.php::it stores a new lexical entry" class="Tests\Feature\LexiconControllerTest" classname="Tests.Feature.LexiconControllerTest" assertions="3" time="0.028906"/>
        <testcase name="it shows a lexical entry" file="tests/Feature/LexiconControllerTest.php::it shows a lexical entry" class="Tests\Feature\LexiconControllerTest" classname="Tests.Feature.LexiconControllerTest" assertions="2" time="0.034152"/>
        <testcase name="it displays the edit lexical entry form" file="tests/Feature/LexiconControllerTest.php::it displays the edit lexical entry form" class="Tests\Feature\LexiconControllerTest" classname="Tests.Feature.LexiconControllerTest" assertions="2" time="0.031195"/>
        <testcase name="it updates a lexical entry" file="tests/Feature/LexiconControllerTest.php::it updates a lexical entry" class="Tests\Feature\LexiconControllerTest" classname="Tests.Feature.LexiconControllerTest" assertions="3" time="0.032548"/>
        <testcase name="it deletes a lexical entry" file="tests/Feature/LexiconControllerTest.php::it deletes a lexical entry" class="Tests\Feature\LexiconControllerTest" classname="Tests.Feature.LexiconControllerTest" assertions="3" time="0.029048"/>
        <testcase name="it displays the create attribute form" file="tests/Feature/LexiconControllerTest.php::it displays the create attribute form" class="Tests\Feature\LexiconControllerTest" classname="Tests.Feature.LexiconControllerTest" assertions="1" time="0.029950"/>
        <testcase name="it stores a new attribute" file="tests/Feature/LexiconControllerTest.php::it stores a new attribute" class="Tests\Feature\LexiconControllerTest" classname="Tests.Feature.LexiconControllerTest" assertions="3" time="0.030868"/>
        <testcase name="it displays the edit attribute form" file="tests/Feature/LexiconControllerTest.php::it displays the edit attribute form" class="Tests\Feature\LexiconControllerTest" classname="Tests.Feature.LexiconControllerTest" assertions="2" time="0.032382"/>
        <testcase name="it updates an attribute" file="tests/Feature/LexiconControllerTest.php::it updates an attribute" class="Tests\Feature\LexiconControllerTest" classname="Tests.Feature.LexiconControllerTest" assertions="3" time="0.032580"/>
        <testcase name="it deletes an attribute" file="tests/Feature/LexiconControllerTest.php::it deletes an attribute" class="Tests\Feature\LexiconControllerTest" classname="Tests.Feature.LexiconControllerTest" assertions="3" time="0.031383"/>
        <testcase name="it displays the create link form" file="tests/Feature/LexiconControllerTest.php::it displays the create link form" class="Tests\Feature\LexiconControllerTest" classname="Tests.Feature.LexiconControllerTest" assertions="1" time="0.030562"/>
        <testcase name="it stores a new link" file="tests/Feature/LexiconControllerTest.php::it stores a new link" class="Tests\Feature\LexiconControllerTest" classname="Tests.Feature.LexiconControllerTest" assertions="3" time="0.033461"/>
        <testcase name="it displays the edit link form" file="tests/Feature/LexiconControllerTest.php::it displays the edit link form" class="Tests\Feature\LexiconControllerTest" classname="Tests.Feature.LexiconControllerTest" assertions="2" time="0.035943"/>
        <testcase name="it updates a link" file="tests/Feature/LexiconControllerTest.php::it updates a link" class="Tests\Feature\LexiconControllerTest" classname="Tests.Feature.LexiconControllerTest" assertions="3" time="0.039853"/>
        <testcase name="it deletes a link" file="tests/Feature/LexiconControllerTest.php::it deletes a link" class="Tests\Feature\LexiconControllerTest" classname="Tests.Feature.LexiconControllerTest" assertions="3" time="0.033600"/>
      </testsuite>
      <testsuite name="Tests\Feature\ListAttributesCommandTest" file="tests/Feature/ListAttributesCommandTest.php" tests="1" assertions="7" errors="0" failures="0" skipped="0" time="0.062323">
        <testcase name="the list attributes command shows a table of attributes" file="tests/Feature/ListAttributesCommandTest.php::the list attributes command shows a table of attributes" class="Tests\Feature\ListAttributesCommandTest" classname="Tests.Feature.ListAttributesCommandTest" assertions="7" time="0.062323"/>
      </testsuite>
      <testsuite name="Tests\Feature\ListEntriesCommandTest" file="tests/Feature/ListEntriesCommandTest.php" tests="1" assertions="7" errors="0" failures="0" skipped="0" time="0.038240">
        <testcase name="the list entries command shows a table of entries" file="tests/Feature/ListEntriesCommandTest.php::the list entries command shows a table of entries" class="Tests\Feature\ListEntriesCommandTest" classname="Tests.Feature.ListEntriesCommandTest" assertions="7" time="0.038240"/>
      </testsuite>
      <testsuite name="Tests\Feature\ListLanguagesCommandTest" file="tests/Feature/ListLanguagesCommandTest.php" tests="1" assertions="7" errors="0" failures="0" skipped="0" time="0.030482">
        <testcase name="the list languages command shows a table of languages" file="tests/Feature/ListLanguagesCommandTest.php::the list languages command shows a table of languages" class="Tests\Feature\ListLanguagesCommandTest" classname="Tests.Feature.ListLanguagesCommandTest" assertions="7" time="0.030482"/>
      </testsuite>
      <testsuite name="Tests\Feature\ListLinksCommandTest" file="tests/Feature/ListLinksCommandTest.php" tests="1" assertions="7" errors="0" failures="0" skipped="0" time="0.044942">
        <testcase name="the list links command shows a table of links" file="tests/Feature/ListLinksCommandTest.php::the list links command shows a table of links" class="Tests\Feature\ListLinksCommandTest" classname="Tests.Feature.ListLinksCommandTest" assertions="7" time="0.044942"/>
      </testsuite>
      <testsuite name="Tests\Feature\ListTokensCommandTest" file="tests/Feature/ListTokensCommandTest.php" tests="1" assertions="3" errors="0" failures="0" skipped="0" time="0.028898">
        <testcase name="the list tokens command shows a table of tokens" file="tests/Feature/ListTokensCommandTest.php::the list tokens command shows a table of tokens" class="Tests\Feature\ListTokensCommandTest" classname="Tests.Feature.ListTokensCommandTest" assertions="3" time="0.028898"/>
      </testsuite>
      <testsuite name="Tests\Feature\ShowEntryCommandTest" file="tests/Feature/ShowEntryCommandTest.php" tests="2" assertions="19" errors="0" failures="0" skipped="0" time="0.071289">
        <testcase name="the show entry command displays entry details" file="tests/Feature/ShowEntryCommandTest.php::the show entry command displays entry details" class="Tests\Feature\ShowEntryCommandTest" classname="Tests.Feature.ShowEntryCommandTest" assertions="17" time="0.047458"/>
        <testcase name="the show entry command handles non-existent entries" file="tests/Feature/ShowEntryCommandTest.php::the show entry command handles non-existent entries" class="Tests\Feature\ShowEntryCommandTest" classname="Tests.Feature.ShowEntryCommandTest" assertions="2" time="0.023831"/>
      </testsuite>
      <testsuite name="Tests\Feature\ShowLanguageCommandTest" file="tests/Feature/ShowLanguageCommandTest.php" tests="2" assertions="13" errors="0" failures="0" skipped="0" time="0.058866">
        <testcase name="the show language command displays language details" file="tests/Feature/ShowLanguageCommandTest.php::the show language command displays language details" class="Tests\Feature\ShowLanguageCommandTest" classname="Tests.Feature.ShowLanguageCommandTest" assertions="11" time="0.035288"/>
        <testcase name="the show language command handles non-existent languages" file="tests/Feature/ShowLanguageCommandTest.php::the show language command handles non-existent languages" class="Tests\Feature\ShowLanguageCommandTest" classname="Tests.Feature.ShowLanguageCommandTest" assertions="2" time="0.023578"/>
      </testsuite>
      <testsuite name="Tests\Feature\ShowTokenCommandTest" file="tests/Feature/ShowTokenCommandTest.php" tests="2" assertions="12" errors="0" failures="0" skipped="0" time="0.060798">
        <testcase name="the show token command displays token details" file="tests/Feature/ShowTokenCommandTest.php::the show token command displays token details" class="Tests\Feature\ShowTokenCommandTest" classname="Tests.Feature.ShowTokenCommandTest" assertions="10" time="0.035968"/>
        <testcase name="the show token command handles non-existent tokens" file="tests/Feature/ShowTokenCommandTest.php::the show token command handles non-existent tokens" class="Tests\Feature\ShowTokenCommandTest" classname="Tests.Feature.ShowTokenCommandTest" assertions="2" time="0.024830"/>
      </testsuite>
      <testsuite name="Tests\Feature\StatsCommandTest" file="tests/Feature/StatsCommandTest.php" tests="1" assertions="8" errors="0" failures="0" skipped="0" time="0.256571">
        <testcase name="the stats command displays lexicon statistics" file="tests/Feature/StatsCommandTest.php::the stats command displays lexicon statistics" class="Tests\Feature\StatsCommandTest" classname="Tests.Feature.StatsCommandTest" assertions="8" time="0.256571"/>
      </testsuite>
      <testsuite name="Tests\Feature\TokenControllerTest" file="tests/Feature/TokenControllerTest.php" tests="7" assertions="17" errors="0" failures="0" skipped="0" time="0.200827">
        <testcase name="it displays a list of tokens" file="tests/Feature/TokenControllerTest.php::it displays a list of tokens" class="Tests\Feature\TokenControllerTest" classname="Tests.Feature.TokenControllerTest" assertions="2" time="0.035136"/>
        <testcase name="it displays the create token form" file="tests/Feature/TokenControllerTest.php::it displays the create token form" class="Tests\Feature\TokenControllerTest" classname="Tests.Feature.TokenControllerTest" assertions="1" time="0.024774"/>
        <testcase name="it creates a new token" file="tests/Feature/TokenControllerTest.php::it creates a new token" class="Tests\Feature\TokenControllerTest" classname="Tests.Feature.TokenControllerTest" assertions="3" time="0.026211"/>
        <testcase name="it displays the edit token form" file="tests/Feature/TokenControllerTest.php::it displays the edit token form" class="Tests\Feature\TokenControllerTest" classname="Tests.Feature.TokenControllerTest" assertions="2" time="0.027601"/>
        <testcase name="it updates a token" file="tests/Feature/TokenControllerTest.php::it updates a token" class="Tests\Feature\TokenControllerTest" classname="Tests.Feature.TokenControllerTest" assertions="3" time="0.028052"/>
        <testcase name="it deletes a token" file="tests/Feature/TokenControllerTest.php::it deletes a token" class="Tests\Feature\TokenControllerTest" classname="Tests.Feature.TokenControllerTest" assertions="3" time="0.026529"/>
        <testcase name="it shows a token and its lexical entries" file="tests/Feature/TokenControllerTest.php::it shows a token and its lexical entries" class="Tests\Feature\TokenControllerTest" classname="Tests.Feature.TokenControllerTest" assertions="3" time="0.032524"/>
      </testsuite>
      <testsuite name="Tests\Feature\UpdateLanguageCommandTest" file="tests/Feature/UpdateLanguageCommandTest.php" tests="2" assertions="5" errors="0" failures="0" skipped="0" time="0.060723">
        <testcase name="the update language command updates a language" file="tests/Feature/UpdateLanguageCommandTest.php::the update language command updates a language" class="Tests\Feature\UpdateLanguageCommandTest" classname="Tests.Feature.UpdateLanguageCommandTest" assertions="3" time="0.035735"/>
        <testcase name="the update language command handles non-existent languages" file="tests/Feature/UpdateLanguageCommandTest.php::the update language command handles non-existent languages" class="Tests\Feature\UpdateLanguageCommandTest" classname="Tests.Feature.UpdateLanguageCommandTest" assertions="2" time="0.024988"/>
      </testsuite>
      <testsuite name="Tests\Feature\UpdateTokenCommandTest" file="tests/Feature/UpdateTokenCommandTest.php" tests="2" assertions="5" errors="0" failures="0" skipped="0" time="0.055131">
        <testcase name="the update token command updates a token" file="tests/Feature/UpdateTokenCommandTest.php::the update token command updates a token" class="Tests\Feature\UpdateTokenCommandTest" classname="Tests.Feature.UpdateTokenCommandTest" assertions="3" time="0.030157"/>
        <testcase name="the update token command handles non-existent tokens" file="tests/Feature/UpdateTokenCommandTest.php::the update token command handles non-existent tokens" class="Tests\Feature\UpdateTokenCommandTest" classname="Tests.Feature.UpdateTokenCommandTest" assertions="2" time="0.024974"/>
      </testsuite>
      <testsuite name="Tests\Feature\ValidateCommandTest" file="tests/Feature/ValidateCommandTest.php" tests="4" assertions="27" errors="0" failures="0" skipped="0" time="0.127251">
        <testcase name="the validate command finds no issues with clean data" file="tests/Feature/ValidateCommandTest.php::the validate command finds no issues with clean data" class="Tests\Feature\ValidateCommandTest" classname="Tests.Feature.ValidateCommandTest" assertions="3" time="0.030846"/>
        <testcase name="the validate command finds duplicate tokens" file="tests/Feature/ValidateCommandTest.php::the validate command finds duplicate tokens" class="Tests\Feature\ValidateCommandTest" classname="Tests.Feature.ValidateCommandTest" assertions="6" time="0.034700"/>
        <testcase name="the validate command finds unused tokens" file="tests/Feature/ValidateCommandTest.php::the validate command finds unused tokens" class="Tests\Feature\ValidateCommandTest" classname="Tests.Feature.ValidateCommandTest" assertions="9" time="0.030795"/>
        <testcase name="the validate command finds unused languages" file="tests/Feature/ValidateCommandTest.php::the validate command finds unused languages" class="Tests\Feature\ValidateCommandTest" classname="Tests.Feature.ValidateCommandTest" assertions="9" time="0.030910"/>
      </testsuite>
    </testsuite>
  </testsuite>
</testsuites>
