<?xml version="1.0" encoding="UTF-8"?>
<testsuites>
  <testsuite name="/home/runner/work/ote/ote/phpunit.xml" tests="96" assertions="305" errors="0" failures="0" skipped="0" time="3.415462">
    <testsuite name="Unit" tests="16" assertions="16" errors="0" failures="0" skipped="0" time="0.621645">
      <testsuite name="Tests\Unit\AttributeTest" file="tests/Unit/AttributeTest.php" tests="2" assertions="2" errors="0" failures="0" skipped="0" time="0.231695">
        <testcase name="an attribute can be created" file="tests/Unit/AttributeTest.php::an attribute can be created" class="Tests\Unit\AttributeTest" classname="Tests.Unit.AttributeTest" assertions="1" time="0.202672"/>
        <testcase name="an attribute belongs to a lexical entry" file="tests/Unit/AttributeTest.php::an attribute belongs to a lexical entry" class="Tests\Unit\AttributeTest" classname="Tests.Unit.AttributeTest" assertions="1" time="0.029023"/>
      </testsuite>
      <testsuite name="Tests\Unit\ExampleTest" file="Example (Tests\Unit\Example)" tests="1" assertions="1" errors="0" failures="0" skipped="0" time="0.003375">
        <testcase name="That true is true" file="Example (Tests\Unit\Example)::That true is true" class="Tests\Unit\ExampleTest" classname="Tests.Unit.ExampleTest" assertions="1" time="0.003375"/>
      </testsuite>
      <testsuite name="Tests\Unit\LanguageTest" file="tests/Unit/LanguageTest.php" tests="2" assertions="2" errors="0" failures="0" skipped="0" time="0.054963">
        <testcase name="a language can be created" file="tests/Unit/LanguageTest.php::a language can be created" class="Tests\Unit\LanguageTest" classname="Tests.Unit.LanguageTest" assertions="1" time="0.022619"/>
        <testcase name="a language has many lexical entries" file="tests/Unit/LanguageTest.php::a language has many lexical entries" class="Tests\Unit\LanguageTest" classname="Tests.Unit.LanguageTest" assertions="1" time="0.032344"/>
      </testsuite>
      <testsuite name="Tests\Unit\LexicalEntryTest" file="tests/Unit/LexicalEntryTest.php" tests="6" assertions="6" errors="0" failures="0" skipped="0" time="0.182514">
        <testcase name="a lexical entry can be created" file="tests/Unit/LexicalEntryTest.php::a lexical entry can be created" class="Tests\Unit\LexicalEntryTest" classname="Tests.Unit.LexicalEntryTest" assertions="1" time="0.027498"/>
        <testcase name="a lexical entry belongs to a token" file="tests/Unit/LexicalEntryTest.php::a lexical entry belongs to a token" class="Tests\Unit\LexicalEntryTest" classname="Tests.Unit.LexicalEntryTest" assertions="1" time="0.025575"/>
        <testcase name="a lexical entry belongs to a language" file="tests/Unit/LexicalEntryTest.php::a lexical entry belongs to a language" class="Tests\Unit\LexicalEntryTest" classname="Tests.Unit.LexicalEntryTest" assertions="1" time="0.025810"/>
        <testcase name="a lexical entry has many attributes" file="tests/Unit/LexicalEntryTest.php::a lexical entry has many attributes" class="Tests\Unit\LexicalEntryTest" classname="Tests.Unit.LexicalEntryTest" assertions="1" time="0.029816"/>
        <testcase name="a lexical entry has many links" file="tests/Unit/LexicalEntryTest.php::a lexical entry has many links" class="Tests\Unit\LexicalEntryTest" classname="Tests.Unit.LexicalEntryTest" assertions="1" time="0.034048"/>
        <testcase name="a lexical entry has many linked from" file="tests/Unit/LexicalEntryTest.php::a lexical entry has many linked from" class="Tests\Unit\LexicalEntryTest" classname="Tests.Unit.LexicalEntryTest" assertions="1" time="0.039767"/>
      </testsuite>
      <testsuite name="Tests\Unit\LinkTest" file="tests/Unit/LinkTest.php" tests="3" assertions="3" errors="0" failures="0" skipped="0" time="0.094866">
        <testcase name="a link can be created" file="tests/Unit/LinkTest.php::a link can be created" class="Tests\Unit\LinkTest" classname="Tests.Unit.LinkTest" assertions="1" time="0.036478"/>
        <testcase name="a link has a source entry" file="tests/Unit/LinkTest.php::a link has a source entry" class="Tests\Unit\LinkTest" classname="Tests.Unit.LinkTest" assertions="1" time="0.029249"/>
        <testcase name="a link has a target entry" file="tests/Unit/LinkTest.php::a link has a target entry" class="Tests\Unit\LinkTest" classname="Tests.Unit.LinkTest" assertions="1" time="0.029139"/>
      </testsuite>
      <testsuite name="Tests\Unit\TokenTest" file="tests/Unit/TokenTest.php" tests="2" assertions="2" errors="0" failures="0" skipped="0" time="0.054233">
        <testcase name="a token can be created" file="tests/Unit/TokenTest.php::a token can be created" class="Tests\Unit\TokenTest" classname="Tests.Unit.TokenTest" assertions="1" time="0.025330"/>
        <testcase name="a token has many lexical entries" file="tests/Unit/TokenTest.php::a token has many lexical entries" class="Tests\Unit\TokenTest" classname="Tests.Unit.TokenTest" assertions="1" time="0.028903"/>
      </testsuite>
    </testsuite>
    <testsuite name="Feature" tests="80" assertions="289" errors="0" failures="0" skipped="0" time="2.793816">
      <testsuite name="Tests\Feature\AddAttributeCommandTest" file="tests/Feature/AddAttributeCommandTest.php" tests="2" assertions="5" errors="0" failures="0" skipped="0" time="0.059358">
        <testcase name="the add attribute command creates a new attribute" file="tests/Feature/AddAttributeCommandTest.php::the add attribute command creates a new attribute" class="Tests\Feature\AddAttributeCommandTest" classname="Tests.Feature.AddAttributeCommandTest" assertions="3" time="0.035196"/>
        <testcase name="the add attribute command handles missing lexical entry" file="tests/Feature/AddAttributeCommandTest.php::the add attribute command handles missing lexical entry" class="Tests\Feature\AddAttributeCommandTest" classname="Tests.Feature.AddAttributeCommandTest" assertions="2" time="0.024162"/>
      </testsuite>
      <testsuite name="Tests\Feature\AddEntryCommandTest" file="tests/Feature/AddEntryCommandTest.php" tests="3" assertions="7" errors="0" failures="0" skipped="0" time="0.089065">
        <testcase name="the add entry command creates a new lexical entry" file="tests/Feature/AddEntryCommandTest.php::the add entry command creates a new lexical entry" class="Tests\Feature\AddEntryCommandTest" classname="Tests.Feature.AddEntryCommandTest" assertions="3" time="0.033307"/>
        <testcase name="the add entry command handles missing token" file="tests/Feature/AddEntryCommandTest.php::the add entry command handles missing token" class="Tests\Feature\AddEntryCommandTest" classname="Tests.Feature.AddEntryCommandTest" assertions="2" time="0.026024"/>
        <testcase name="the add entry command handles missing language" file="tests/Feature/AddEntryCommandTest.php::the add entry command handles missing language" class="Tests\Feature\AddEntryCommandTest" classname="Tests.Feature.AddEntryCommandTest" assertions="2" time="0.029734"/>
      </testsuite>
      <testsuite name="Tests\Feature\AddLanguageCommandTest" file="tests/Feature/AddLanguageCommandTest.php" tests="2" assertions="5" errors="0" failures="0" skipped="0" time="0.053666">
        <testcase name="the add language command creates a new language" file="tests/Feature/AddLanguageCommandTest.php::the add language command creates a new language" class="Tests\Feature\AddLanguageCommandTest" classname="Tests.Feature.AddLanguageCommandTest" assertions="3" time="0.028297"/>
        <testcase name="the add language command handles existing languages" file="tests/Feature/AddLanguageCommandTest.php::the add language command handles existing languages" class="Tests\Feature\AddLanguageCommandTest" classname="Tests.Feature.AddLanguageCommandTest" assertions="2" time="0.025368"/>
      </testsuite>
      <testsuite name="Tests\Feature\AddLinkCommandTest" file="tests/Feature/AddLinkCommandTest.php" tests="3" assertions="7" errors="0" failures="0" skipped="0" time="0.097776">
        <testcase name="the add link command creates a new link" file="tests/Feature/AddLinkCommandTest.php::the add link command creates a new link" class="Tests\Feature\AddLinkCommandTest" classname="Tests.Feature.AddLinkCommandTest" assertions="3" time="0.038628"/>
        <testcase name="the add link command handles missing source entry" file="tests/Feature/AddLinkCommandTest.php::the add link command handles missing source entry" class="Tests\Feature\AddLinkCommandTest" classname="Tests.Feature.AddLinkCommandTest" assertions="2" time="0.030124"/>
        <testcase name="the add link command handles missing target entry" file="tests/Feature/AddLinkCommandTest.php::the add link command handles missing target entry" class="Tests\Feature\AddLinkCommandTest" classname="Tests.Feature.AddLinkCommandTest" assertions="2" time="0.029024"/>
      </testsuite>
      <testsuite name="Tests\Feature\AddTokenCommandTest" file="tests/Feature/AddTokenCommandTest.php" tests="2" assertions="5" errors="0" failures="0" skipped="0" time="0.053524">
        <testcase name="the add token command creates a new token" file="tests/Feature/AddTokenCommandTest.php::the add token command creates a new token" class="Tests\Feature\AddTokenCommandTest" classname="Tests.Feature.AddTokenCommandTest" assertions="3" time="0.028883"/>
        <testcase name="the add token command handles existing tokens" file="tests/Feature/AddTokenCommandTest.php::the add token command handles existing tokens" class="Tests\Feature\AddTokenCommandTest" classname="Tests.Feature.AddTokenCommandTest" assertions="2" time="0.024641"/>
      </testsuite>
      <testsuite name="Tests\Feature\DeleteAttributeCommandTest" file="tests/Feature/DeleteAttributeCommandTest.php" tests="2" assertions="5" errors="0" failures="0" skipped="0" time="0.056738">
        <testcase name="the delete attribute command deletes an attribute" file="tests/Feature/DeleteAttributeCommandTest.php::the delete attribute command deletes an attribute" class="Tests\Feature\DeleteAttributeCommandTest" classname="Tests.Feature.DeleteAttributeCommandTest" assertions="3" time="0.033089"/>
        <testcase name="the delete attribute command handles non-existent attributes" file="tests/Feature/DeleteAttributeCommandTest.php::the delete attribute command handles non-existent attributes" class="Tests\Feature\DeleteAttributeCommandTest" classname="Tests.Feature.DeleteAttributeCommandTest" assertions="2" time="0.023648"/>
      </testsuite>
      <testsuite name="Tests\Feature\DeleteEntryCommandTest" file="tests/Feature/DeleteEntryCommandTest.php" tests="2" assertions="7" errors="0" failures="0" skipped="0" time="0.062330">
        <testcase name="the delete entry command deletes an entry and its associations" file="tests/Feature/DeleteEntryCommandTest.php::the delete entry command deletes an entry and its associations" class="Tests\Feature\DeleteEntryCommandTest" classname="Tests.Feature.DeleteEntryCommandTest" assertions="5" time="0.038547"/>
        <testcase name="the delete entry command handles non-existent entries" file="tests/Feature/DeleteEntryCommandTest.php::the delete entry command handles non-existent entries" class="Tests\Feature\DeleteEntryCommandTest" classname="Tests.Feature.DeleteEntryCommandTest" assertions="2" time="0.023783"/>
      </testsuite>
      <testsuite name="Tests\Feature\DeleteLanguageCommandTest" file="tests/Feature/DeleteLanguageCommandTest.php" tests="2" assertions="6" errors="0" failures="0" skipped="0" time="0.055832">
        <testcase name="the delete language command deletes a language and its entries" file="tests/Feature/DeleteLanguageCommandTest.php::the delete language command deletes a language and its entries" class="Tests\Feature\DeleteLanguageCommandTest" classname="Tests.Feature.DeleteLanguageCommandTest" assertions="4" time="0.032357"/>
        <testcase name="the delete language command handles non-existent languages" file="tests/Feature/DeleteLanguageCommandTest.php::the delete language command handles non-existent languages" class="Tests\Feature\DeleteLanguageCommandTest" classname="Tests.Feature.DeleteLanguageCommandTest" assertions="2" time="0.023475"/>
      </testsuite>
      <testsuite name="Tests\Feature\DeleteLinkCommandTest" file="tests/Feature/DeleteLinkCommandTest.php" tests="2" assertions="5" errors="0" failures="0" skipped="0" time="0.062937">
        <testcase name="the delete link command deletes a link" file="tests/Feature/DeleteLinkCommandTest.php::the delete link command deletes a link" class="Tests\Feature\DeleteLinkCommandTest" classname="Tests.Feature.DeleteLinkCommandTest" assertions="3" time="0.038892"/>
        <testcase name="the delete link command handles non-existent links" file="tests/Feature/DeleteLinkCommandTest.php::the delete link command handles non-existent links" class="Tests\Feature\DeleteLinkCommandTest" classname="Tests.Feature.DeleteLinkCommandTest" assertions="2" time="0.024045"/>
      </testsuite>
      <testsuite name="Tests\Feature\DeleteTokenCommandTest" file="tests/Feature/DeleteTokenCommandTest.php" tests="2" assertions="6" errors="0" failures="0" skipped="0" time="0.055678">
        <testcase name="the delete token command deletes a token and its entries" file="tests/Feature/DeleteTokenCommandTest.php::the delete token command deletes a token and its entries" class="Tests\Feature\DeleteTokenCommandTest" classname="Tests.Feature.DeleteTokenCommandTest" assertions="4" time="0.032195"/>
        <testcase name="the delete token command handles non-existent tokens" file="tests/Feature/DeleteTokenCommandTest.php::the delete token command handles non-existent tokens" class="Tests\Feature\DeleteTokenCommandTest" classname="Tests.Feature.DeleteTokenCommandTest" assertions="2" time="0.023483"/>
      </testsuite>
      <testsuite name="Tests\Feature\ExampleTest" file="Example (Tests\Feature\Example)" tests="1" assertions="1" errors="0" failures="0" skipped="0" time="0.047429">
        <testcase name="The application returns a successful response" file="Example (Tests\Feature\Example)::The application returns a successful response" class="Tests\Feature\ExampleTest" classname="Tests.Feature.ExampleTest" assertions="1" time="0.047429"/>
      </testsuite>
      <testsuite name="Tests\Feature\ExportOteFileCommandTest" file="tests/Feature/ExportOteFileCommandTest.php" tests="1" assertions="5" errors="0" failures="0" skipped="0" time="0.043669">
        <testcase name="the export ote file command exports data to a file" file="tests/Feature/ExportOteFileCommandTest.php::the export ote file command exports data to a file" class="Tests\Feature\ExportOteFileCommandTest" classname="Tests.Feature.ExportOteFileCommandTest" assertions="5" time="0.043669"/>
      </testsuite>
      <testsuite name="Tests\Feature\HomeControllerTest" file="Home Controller (Tests\Feature\HomeController)" tests="3" assertions="20" errors="0" failures="0" skipped="0" time="0.097274">
        <testcase name="The homepage loads correctly" file="Home Controller (Tests\Feature\HomeController)::The homepage loads correctly" class="Tests\Feature\HomeControllerTest" classname="Tests.Feature.HomeControllerTest" assertions="11" time="0.038202"/>
        <testcase name="The validation page loads correctly with no issues" file="Home Controller (Tests\Feature\HomeController)::The validation page loads correctly with no issues" class="Tests\Feature\HomeControllerTest" classname="Tests.Feature.HomeControllerTest" assertions="3" time="0.028341"/>
        <testcase name="The validation page shows issues" file="Home Controller (Tests\Feature\HomeController)::The validation page shows issues" class="Tests\Feature\HomeControllerTest" classname="Tests.Feature.HomeControllerTest" assertions="6" time="0.030731"/>
      </testsuite>
      <testsuite name="Tests\Feature\ImportOteFileCommandTest" file="tests/Feature/ImportOteFileCommandTest.php" tests="2" assertions="11" errors="0" failures="0" skipped="0" time="0.069153">
        <testcase name="the import ote file command imports data from a file" file="tests/Feature/ImportOteFileCommandTest.php::the import ote file command imports data from a file" class="Tests\Feature\ImportOteFileCommandTest" classname="Tests.Feature.ImportOteFileCommandTest" assertions="9" time="0.046163"/>
        <testcase name="the import ote file command handles missing file" file="tests/Feature/ImportOteFileCommandTest.php::the import ote file command handles missing file" class="Tests\Feature\ImportOteFileCommandTest" classname="Tests.Feature.ImportOteFileCommandTest" assertions="2" time="0.022990"/>
      </testsuite>
      <testsuite name="Tests\Feature\LanguageControllerTest" file="tests/Feature/LanguageControllerTest.php" tests="7" assertions="17" errors="0" failures="0" skipped="0" time="0.210906">
        <testcase name="it displays a list of languages" file="tests/Feature/LanguageControllerTest.php::it displays a list of languages" class="Tests\Feature\LanguageControllerTest" classname="Tests.Feature.LanguageControllerTest" assertions="2" time="0.033745"/>
        <testcase name="it displays the create language form" file="tests/Feature/LanguageControllerTest.php::it displays the create language form" class="Tests\Feature\LanguageControllerTest" classname="Tests.Feature.LanguageControllerTest" assertions="1" time="0.025330"/>
        <testcase name="it creates a new language" file="tests/Feature/LanguageControllerTest.php::it creates a new language" class="Tests\Feature\LanguageControllerTest" classname="Tests.Feature.LanguageControllerTest" assertions="3" time="0.031026"/>
        <testcase name="it displays the edit language form" file="tests/Feature/LanguageControllerTest.php::it displays the edit language form" class="Tests\Feature\LanguageControllerTest" classname="Tests.Feature.LanguageControllerTest" assertions="2" time="0.027507"/>
        <testcase name="it updates a language" file="tests/Feature/LanguageControllerTest.php::it updates a language" class="Tests\Feature\LanguageControllerTest" classname="Tests.Feature.LanguageControllerTest" assertions="3" time="0.028202"/>
        <testcase name="it deletes a language" file="tests/Feature/LanguageControllerTest.php::it deletes a language" class="Tests\Feature\LanguageControllerTest" classname="Tests.Feature.LanguageControllerTest" assertions="3" time="0.032009"/>
        <testcase name="it shows a language and its lexical entries" file="tests/Feature/LanguageControllerTest.php::it shows a language and its lexical entries" class="Tests\Feature\LanguageControllerTest" classname="Tests.Feature.LanguageControllerTest" assertions="3" time="0.033086"/>
      </testsuite>
      <testsuite name="Tests\Feature\LexiconControllerTest" file="tests/Feature/LexiconControllerTest.php" tests="17" assertions="40" errors="0" failures="0" skipped="0" time="0.572185">
        <testcase name="it displays a list of lexical entries" file="tests/Feature/LexiconControllerTest.php::it displays a list of lexical entries" class="Tests\Feature\LexiconControllerTest" classname="Tests.Feature.LexiconControllerTest" assertions="2" time="0.046786"/>
        <testcase name="it displays the create lexical entry form" file="tests/Feature/LexiconControllerTest.php::it displays the create lexical entry form" class="Tests\Feature\LexiconControllerTest" classname="Tests.Feature.LexiconControllerTest" assertions="1" time="0.027286"/>
        <testcase name="it stores a new lexical entry" file="tests/Feature/LexiconControllerTest.php::it stores a new lexical entry" class="Tests\Feature\LexiconControllerTest" classname="Tests.Feature.LexiconControllerTest" assertions="3" time="0.029447"/>
        <testcase name="it shows a lexical entry" file="tests/Feature/LexiconControllerTest.php::it shows a lexical entry" class="Tests\Feature\LexiconControllerTest" classname="Tests.Feature.LexiconControllerTest" assertions="2" time="0.034435"/>
        <testcase name="it displays the edit lexical entry form" file="tests/Feature/LexiconControllerTest.php::it displays the edit lexical entry form" class="Tests\Feature\LexiconControllerTest" classname="Tests.Feature.LexiconControllerTest" assertions="2" time="0.031521"/>
        <testcase name="it updates a lexical entry" file="tests/Feature/LexiconControllerTest.php::it updates a lexical entry" class="Tests\Feature\LexiconControllerTest" classname="Tests.Feature.LexiconControllerTest" assertions="3" time="0.032754"/>
        <testcase name="it deletes a lexical entry" file="tests/Feature/LexiconControllerTest.php::it deletes a lexical entry" class="Tests\Feature\LexiconControllerTest" classname="Tests.Feature.LexiconControllerTest" assertions="3" time="0.029357"/>
        <testcase name="it displays the create attribute form" file="tests/Feature/LexiconControllerTest.php::it displays the create attribute form" class="Tests\Feature\LexiconControllerTest" classname="Tests.Feature.LexiconControllerTest" assertions="1" time="0.033270"/>
        <testcase name="it stores a new attribute" file="tests/Feature/LexiconControllerTest.php::it stores a new attribute" class="Tests\Feature\LexiconControllerTest" classname="Tests.Feature.LexiconControllerTest" assertions="3" time="0.031410"/>
        <testcase name="it displays the edit attribute form" file="tests/Feature/LexiconControllerTest.php::it displays the edit attribute form" class="Tests\Feature\LexiconControllerTest" classname="Tests.Feature.LexiconControllerTest" assertions="2" time="0.033614"/>
        <testcase name="it updates an attribute" file="tests/Feature/LexiconControllerTest.php::it updates an attribute" class="Tests\Feature\LexiconControllerTest" classname="Tests.Feature.LexiconControllerTest" assertions="3" time="0.033832"/>
        <testcase name="it deletes an attribute" file="tests/Feature/LexiconControllerTest.php::it deletes an attribute" class="Tests\Feature\LexiconControllerTest" classname="Tests.Feature.LexiconControllerTest" assertions="3" time="0.032731"/>
        <testcase name="it displays the create link form" file="tests/Feature/LexiconControllerTest.php::it displays the create link form" class="Tests\Feature\LexiconControllerTest" classname="Tests.Feature.LexiconControllerTest" assertions="1" time="0.031113"/>
        <testcase name="it stores a new link" file="tests/Feature/LexiconControllerTest.php::it stores a new link" class="Tests\Feature\LexiconControllerTest" classname="Tests.Feature.LexiconControllerTest" assertions="3" time="0.034316"/>
        <testcase name="it displays the edit link form" file="tests/Feature/LexiconControllerTest.php::it displays the edit link form" class="Tests\Feature\LexiconControllerTest" classname="Tests.Feature.LexiconControllerTest" assertions="2" time="0.037240"/>
        <testcase name="it updates a link" file="tests/Feature/LexiconControllerTest.php::it updates a link" class="Tests\Feature\LexiconControllerTest" classname="Tests.Feature.LexiconControllerTest" assertions="3" time="0.038579"/>
        <testcase name="it deletes a link" file="tests/Feature/LexiconControllerTest.php::it deletes a link" class="Tests\Feature\LexiconControllerTest" classname="Tests.Feature.LexiconControllerTest" assertions="3" time="0.034494"/>
      </testsuite>
      <testsuite name="Tests\Feature\ListAttributesCommandTest" file="tests/Feature/ListAttributesCommandTest.php" tests="1" assertions="7" errors="0" failures="0" skipped="0" time="0.064994">
        <testcase name="the list attributes command shows a table of attributes" file="tests/Feature/ListAttributesCommandTest.php::the list attributes command shows a table of attributes" class="Tests\Feature\ListAttributesCommandTest" classname="Tests.Feature.ListAttributesCommandTest" assertions="7" time="0.064994"/>
      </testsuite>
      <testsuite name="Tests\Feature\ListEntriesCommandTest" file="tests/Feature/ListEntriesCommandTest.php" tests="1" assertions="7" errors="0" failures="0" skipped="0" time="0.039155">
        <testcase name="the list entries command shows a table of entries" file="tests/Feature/ListEntriesCommandTest.php::the list entries command shows a table of entries" class="Tests\Feature\ListEntriesCommandTest" classname="Tests.Feature.ListEntriesCommandTest" assertions="7" time="0.039155"/>
      </testsuite>
      <testsuite name="Tests\Feature\ListLanguagesCommandTest" file="tests/Feature/ListLanguagesCommandTest.php" tests="1" assertions="7" errors="0" failures="0" skipped="0" time="0.031862">
        <testcase name="the list languages command shows a table of languages" file="tests/Feature/ListLanguagesCommandTest.php::the list languages command shows a table of languages" class="Tests\Feature\ListLanguagesCommandTest" classname="Tests.Feature.ListLanguagesCommandTest" assertions="7" time="0.031862"/>
      </testsuite>
      <testsuite name="Tests\Feature\ListLinksCommandTest" file="tests/Feature/ListLinksCommandTest.php" tests="1" assertions="7" errors="0" failures="0" skipped="0" time="0.045863">
        <testcase name="the list links command shows a table of links" file="tests/Feature/ListLinksCommandTest.php::the list links command shows a table of links" class="Tests\Feature\ListLinksCommandTest" classname="Tests.Feature.ListLinksCommandTest" assertions="7" time="0.045863"/>
      </testsuite>
      <testsuite name="Tests\Feature\ListTokensCommandTest" file="tests/Feature/ListTokensCommandTest.php" tests="1" assertions="3" errors="0" failures="0" skipped="0" time="0.029550">
        <testcase name="the list tokens command shows a table of tokens" file="tests/Feature/ListTokensCommandTest.php::the list tokens command shows a table of tokens" class="Tests\Feature\ListTokensCommandTest" classname="Tests.Feature.ListTokensCommandTest" assertions="3" time="0.029550"/>
      </testsuite>
      <testsuite name="Tests\Feature\ShowEntryCommandTest" file="tests/Feature/ShowEntryCommandTest.php" tests="2" assertions="19" errors="0" failures="0" skipped="0" time="0.072074">
        <testcase name="the show entry command displays entry details" file="tests/Feature/ShowEntryCommandTest.php::the show entry command displays entry details" class="Tests\Feature\ShowEntryCommandTest" classname="Tests.Feature.ShowEntryCommandTest" assertions="17" time="0.047983"/>
        <testcase name="the show entry command handles non-existent entries" file="tests/Feature/ShowEntryCommandTest.php::the show entry command handles non-existent entries" class="Tests\Feature\ShowEntryCommandTest" classname="Tests.Feature.ShowEntryCommandTest" assertions="2" time="0.024091"/>
      </testsuite>
      <testsuite name="Tests\Feature\ShowLanguageCommandTest" file="tests/Feature/ShowLanguageCommandTest.php" tests="2" assertions="13" errors="0" failures="0" skipped="0" time="0.074643">
        <testcase name="the show language command displays language details" file="tests/Feature/ShowLanguageCommandTest.php::the show language command displays language details" class="Tests\Feature\ShowLanguageCommandTest" classname="Tests.Feature.ShowLanguageCommandTest" assertions="11" time="0.050539"/>
        <testcase name="the show language command handles non-existent languages" file="tests/Feature/ShowLanguageCommandTest.php::the show language command handles non-existent languages" class="Tests\Feature\ShowLanguageCommandTest" classname="Tests.Feature.ShowLanguageCommandTest" assertions="2" time="0.024103"/>
      </testsuite>
      <testsuite name="Tests\Feature\ShowTokenCommandTest" file="tests/Feature/ShowTokenCommandTest.php" tests="2" assertions="12" errors="0" failures="0" skipped="0" time="0.060128">
        <testcase name="the show token command displays token details" file="tests/Feature/ShowTokenCommandTest.php::the show token command displays token details" class="Tests\Feature\ShowTokenCommandTest" classname="Tests.Feature.ShowTokenCommandTest" assertions="10" time="0.036024"/>
        <testcase name="the show token command handles non-existent tokens" file="tests/Feature/ShowTokenCommandTest.php::the show token command handles non-existent tokens" class="Tests\Feature\ShowTokenCommandTest" classname="Tests.Feature.ShowTokenCommandTest" assertions="2" time="0.024104"/>
      </testsuite>
      <testsuite name="Tests\Feature\StatsCommandTest" file="tests/Feature/StatsCommandTest.php" tests="1" assertions="8" errors="0" failures="0" skipped="0" time="0.258865">
        <testcase name="the stats command displays lexicon statistics" file="tests/Feature/StatsCommandTest.php::the stats command displays lexicon statistics" class="Tests\Feature\StatsCommandTest" classname="Tests.Feature.StatsCommandTest" assertions="8" time="0.258865"/>
      </testsuite>
      <testsuite name="Tests\Feature\TokenControllerTest" file="tests/Feature/TokenControllerTest.php" tests="7" assertions="17" errors="0" failures="0" skipped="0" time="0.196658">
        <testcase name="it displays a list of tokens" file="tests/Feature/TokenControllerTest.php::it displays a list of tokens" class="Tests\Feature\TokenControllerTest" classname="Tests.Feature.TokenControllerTest" assertions="2" time="0.035073"/>
        <testcase name="it displays the create token form" file="tests/Feature/TokenControllerTest.php::it displays the create token form" class="Tests\Feature\TokenControllerTest" classname="Tests.Feature.TokenControllerTest" assertions="1" time="0.024614"/>
        <testcase name="it creates a new token" file="tests/Feature/TokenControllerTest.php::it creates a new token" class="Tests\Feature\TokenControllerTest" classname="Tests.Feature.TokenControllerTest" assertions="3" time="0.025609"/>
        <testcase name="it displays the edit token form" file="tests/Feature/TokenControllerTest.php::it displays the edit token form" class="Tests\Feature\TokenControllerTest" classname="Tests.Feature.TokenControllerTest" assertions="2" time="0.026532"/>
        <testcase name="it updates a token" file="tests/Feature/TokenControllerTest.php::it updates a token" class="Tests\Feature\TokenControllerTest" classname="Tests.Feature.TokenControllerTest" assertions="3" time="0.027184"/>
        <testcase name="it deletes a token" file="tests/Feature/TokenControllerTest.php::it deletes a token" class="Tests\Feature\TokenControllerTest" classname="Tests.Feature.TokenControllerTest" assertions="3" time="0.025767"/>
        <testcase name="it shows a token and its lexical entries" file="tests/Feature/TokenControllerTest.php::it shows a token and its lexical entries" class="Tests\Feature\TokenControllerTest" classname="Tests.Feature.TokenControllerTest" assertions="3" time="0.031880"/>
      </testsuite>
      <testsuite name="Tests\Feature\UpdateLanguageCommandTest" file="tests/Feature/UpdateLanguageCommandTest.php" tests="2" assertions="5" errors="0" failures="0" skipped="0" time="0.058080">
        <testcase name="the update language command updates a language" file="tests/Feature/UpdateLanguageCommandTest.php::the update language command updates a language" class="Tests\Feature\UpdateLanguageCommandTest" classname="Tests.Feature.UpdateLanguageCommandTest" assertions="3" time="0.034231"/>
        <testcase name="the update language command handles non-existent languages" file="tests/Feature/UpdateLanguageCommandTest.php::the update language command handles non-existent languages" class="Tests\Feature\UpdateLanguageCommandTest" classname="Tests.Feature.UpdateLanguageCommandTest" assertions="2" time="0.023849"/>
      </testsuite>
      <testsuite name="Tests\Feature\UpdateTokenCommandTest" file="tests/Feature/UpdateTokenCommandTest.php" tests="2" assertions="5" errors="0" failures="0" skipped="0" time="0.052051">
        <testcase name="the update token command updates a token" file="tests/Feature/UpdateTokenCommandTest.php::the update token command updates a token" class="Tests\Feature\UpdateTokenCommandTest" classname="Tests.Feature.UpdateTokenCommandTest" assertions="3" time="0.028407"/>
        <testcase name="the update token command handles non-existent tokens" file="tests/Feature/UpdateTokenCommandTest.php::the update token command handles non-existent tokens" class="Tests\Feature\UpdateTokenCommandTest" classname="Tests.Feature.UpdateTokenCommandTest" assertions="2" time="0.023644"/>
      </testsuite>
      <testsuite name="Tests\Feature\ValidateCommandTest" file="tests/Feature/ValidateCommandTest.php" tests="4" assertions="27" errors="0" failures="0" skipped="0" time="0.122374">
        <testcase name="the validate command finds no issues with clean data" file="tests/Feature/ValidateCommandTest.php::the validate command finds no issues with clean data" class="Tests\Feature\ValidateCommandTest" classname="Tests.Feature.ValidateCommandTest" assertions="3" time="0.029886"/>
        <testcase name="the validate command finds duplicate tokens" file="tests/Feature/ValidateCommandTest.php::the validate command finds duplicate tokens" class="Tests\Feature\ValidateCommandTest" classname="Tests.Feature.ValidateCommandTest" assertions="6" time="0.033109"/>
        <testcase name="the validate command finds unused tokens" file="tests/Feature/ValidateCommandTest.php::the validate command finds unused tokens" class="Tests\Feature\ValidateCommandTest" classname="Tests.Feature.ValidateCommandTest" assertions="9" time="0.029614"/>
        <testcase name="the validate command finds unused languages" file="tests/Feature/ValidateCommandTest.php::the validate command finds unused languages" class="Tests\Feature\ValidateCommandTest" classname="Tests.Feature.ValidateCommandTest" assertions="9" time="0.029765"/>
      </testsuite>
    </testsuite>
  </testsuite>
</testsuites>
